[debug] [2020-10-18T13:14:37.245Z] ----------------------------------------------------------------------
[debug] [2020-10-18T13:14:37.248Z] Command:       /Users/kartikgupta/.nvm/versions/node/v11.0.0/bin/node /Users/kartikgupta/.nvm/versions/node/v11.0.0/bin/firebase serve
[debug] [2020-10-18T13:14:37.248Z] CLI Version:   8.4.1
[debug] [2020-10-18T13:14:37.248Z] Platform:      darwin
[debug] [2020-10-18T13:14:37.248Z] Node Version:  v11.0.0
[debug] [2020-10-18T13:14:37.260Z] Time:          Sun Oct 18 2020 18:44:37 GMT+0530 (India Standard Time)
[debug] [2020-10-18T13:14:37.261Z] ----------------------------------------------------------------------
[debug] [2020-10-18T13:14:37.261Z] 
[debug] [2020-10-18T13:14:37.277Z] > command requires scopes: ["email","openid","https://www.googleapis.com/auth/cloudplatformprojects.readonly","https://www.googleapis.com/auth/firebase","https://www.googleapis.com/auth/cloud-platform"]
[debug] [2020-10-18T13:14:37.278Z] > authorizing via signed-in user
[debug] [2020-10-18T13:14:37.278Z] [iam] checking project codersgala for permissions ["firebase.projects.get"]
[debug] [2020-10-18T13:14:37.282Z] >>> HTTP REQUEST POST https://cloudresourcemanager.googleapis.com/v1/projects/codersgala:testIamPermissions  
 {"permissions":["firebase.projects.get"]}
[debug] [2020-10-18T13:14:38.924Z] <<< HTTP RESPONSE 200 {"content-type":"application/json; charset=UTF-8","vary":"X-Origin, Referer, Origin,Accept-Encoding","date":"Sun, 18 Oct 2020 13:14:40 GMT","server":"ESF","cache-control":"private","x-xss-protection":"0","x-frame-options":"SAMEORIGIN","x-content-type-options":"nosniff","server-timing":"gfet4t7; dur=1334","alt-svc":"h3-Q050=\":443\"; ma=2592000,h3-29=\":443\"; ma=2592000,h3-27=\":443\"; ma=2592000,h3-T051=\":443\"; ma=2592000,h3-T050=\":443\"; ma=2592000,h3-Q046=\":443\"; ma=2592000,h3-Q043=\":443\"; ma=2592000,quic=\":443\"; ma=2592000; v=\"46,43\"","accept-ranges":"none","transfer-encoding":"chunked"}
[debug] [2020-10-18T13:14:38.926Z] >>> HTTP REQUEST GET https://firebase.googleapis.com/v1beta1/projects/codersgala  
 
[debug] [2020-10-18T13:14:39.394Z] <<< HTTP RESPONSE 200 {"content-type":"application/json; charset=UTF-8","vary":"X-Origin, Referer, Origin,Accept-Encoding","date":"Sun, 18 Oct 2020 13:14:40 GMT","server":"ESF","cache-control":"private","x-xss-protection":"0","x-frame-options":"SAMEORIGIN","x-content-type-options":"nosniff","alt-svc":"h3-Q050=\":443\"; ma=2592000,h3-29=\":443\"; ma=2592000,h3-27=\":443\"; ma=2592000,h3-T051=\":443\"; ma=2592000,h3-T050=\":443\"; ma=2592000,h3-Q046=\":443\"; ma=2592000,h3-Q043=\":443\"; ma=2592000,quic=\":443\"; ma=2592000; v=\"46,43\"","accept-ranges":"none","transfer-encoding":"chunked"}
[info] 
[info] === Serving from '/Users/kartikgupta/Downloads/CodersGala-master'...
[info] 
[debug] [2020-10-18T13:14:39.399Z] >>> HTTP REQUEST GET https://firebase.googleapis.com/v1beta1/projects/codersgala/webApps/-/config  
 
[warn] ⚠  Your requested "node" version "10" doesn't match your global version "11" {"metadata":{"emulator":{"name":"functions"},"message":"Your requested \"node\" version \"10\" doesn't match your global version \"11\""}}
[debug] [2020-10-18T13:14:40.704Z] <<< HTTP RESPONSE 200 {"content-type":"application/json; charset=UTF-8","vary":"X-Origin, Referer, Origin,Accept-Encoding","date":"Sun, 18 Oct 2020 13:14:41 GMT","server":"ESF","cache-control":"private","x-xss-protection":"0","x-frame-options":"SAMEORIGIN","x-content-type-options":"nosniff","alt-svc":"h3-Q050=\":443\"; ma=2592000,h3-29=\":443\"; ma=2592000,h3-27=\":443\"; ma=2592000,h3-T051=\":443\"; ma=2592000,h3-T050=\":443\"; ma=2592000,h3-Q046=\":443\"; ma=2592000,h3-Q043=\":443\"; ma=2592000,quic=\":443\"; ma=2592000; v=\"46,43\"","accept-ranges":"none","transfer-encoding":"chunked"}
[info] i  functions: Watching "/Users/kartikgupta/Downloads/CodersGala-master/functions" for Cloud Functions... {"metadata":{"emulator":{"name":"functions"},"message":"Watching \"/Users/kartikgupta/Downloads/CodersGala-master/functions\" for Cloud Functions..."}}
[debug] [2020-10-18T13:14:40.750Z] [worker-pool] addWorker(~diagnostic~) {"metadata":{"emulator":{"name":"functions"},"message":"[worker-pool] addWorker(~diagnostic~)"}}
[debug] [2020-10-18T13:14:40.751Z] [worker-pool] Adding worker with key ~diagnostic~, total=1 {"metadata":{"emulator":{"name":"functions"},"message":"[worker-pool] Adding worker with key ~diagnostic~, total=1"}}
[debug] [2020-10-18T13:14:40.751Z] [worker-pool] submitWork(triggerId=) {"metadata":{"emulator":{"name":"functions"},"message":"[worker-pool] submitWork(triggerId=)"}}
[debug] [2020-10-18T13:14:40.752Z] [worker-~diagnostic~-d870bb99-5141-4f00-9fb7-9da322a5e3bc]: Assigning socketPath: /var/folders/y8/1t094q654sg20v30nwgdf4d00000gn/T/fire_emu_11421.sock {"metadata":{"emulator":{"name":"functions"},"message":"[worker-~diagnostic~-d870bb99-5141-4f00-9fb7-9da322a5e3bc]: Assigning socketPath: /var/folders/y8/1t094q654sg20v30nwgdf4d00000gn/T/fire_emu_11421.sock"}}
[debug] [2020-10-18T13:14:40.752Z] [worker-~diagnostic~-d870bb99-5141-4f00-9fb7-9da322a5e3bc]: BUSY {"metadata":{"emulator":{"name":"functions"},"message":"[worker-~diagnostic~-d870bb99-5141-4f00-9fb7-9da322a5e3bc]: BUSY"}}
[info] i  hosting: Serving hosting files from: build {"metadata":{"emulator":{"name":"hosting"},"message":"Serving hosting files from: \u001b[1mbuild\u001b[22m"}}
[info] ✔  hosting: Local server: http://localhost:5000 {"metadata":{"emulator":{"name":"hosting"},"message":"Local server: \u001b[4m\u001b[1mhttp://localhost:5000\u001b[22m\u001b[24m"}}
[debug] [2020-10-18T13:14:41.046Z] [runtime-status] [11421] Functions runtime initialized. {"cwd":"/Users/kartikgupta/Downloads/CodersGala-master/functions","node_version":"11.0.0"} {"metadata":{"emulator":{"name":"functions"},"message":"[runtime-status] [11421] Functions runtime initialized. {\"cwd\":\"/Users/kartikgupta/Downloads/CodersGala-master/functions\",\"node_version\":\"11.0.0\"}"}}
[debug] [2020-10-18T13:14:41.047Z] [runtime-status] [11421] Disabled runtime features: undefined {"metadata":{"emulator":{"name":"functions"},"message":"[runtime-status] [11421] Disabled runtime features: undefined"}}
[debug] [2020-10-18T13:14:41.051Z] [runtime-status] [11421] Resolved module firebase-admin {"declared":true,"installed":true,"version":"8.12.1","resolution":"/Users/kartikgupta/Downloads/CodersGala-master/functions/node_modules/firebase-admin/lib/index.js"} {"metadata":{"emulator":{"name":"functions"},"message":"[runtime-status] [11421] Resolved module firebase-admin {\"declared\":true,\"installed\":true,\"version\":\"8.12.1\",\"resolution\":\"/Users/kartikgupta/Downloads/CodersGala-master/functions/node_modules/firebase-admin/lib/index.js\"}"}}
[debug] [2020-10-18T13:14:41.060Z] [runtime-status] [11421] Resolved module firebase-functions {"declared":true,"installed":true,"version":"3.6.1","resolution":"/Users/kartikgupta/Downloads/CodersGala-master/functions/node_modules/firebase-functions/lib/index.js"} {"metadata":{"emulator":{"name":"functions"},"message":"[runtime-status] [11421] Resolved module firebase-functions {\"declared\":true,\"installed\":true,\"version\":\"3.6.1\",\"resolution\":\"/Users/kartikgupta/Downloads/CodersGala-master/functions/node_modules/firebase-functions/lib/index.js\"}"}}
[debug] [2020-10-18T13:14:41.065Z] [runtime-status] [11421] Outgoing network have been stubbed. [{"name":"http","status":"mocked"},{"name":"http","status":"mocked"},{"name":"https","status":"mocked"},{"name":"https","status":"mocked"},{"name":"net","status":"mocked"}] {"metadata":{"emulator":{"name":"functions"},"message":"[runtime-status] [11421] Outgoing network have been stubbed. [{\"name\":\"http\",\"status\":\"mocked\"},{\"name\":\"http\",\"status\":\"mocked\"},{\"name\":\"https\",\"status\":\"mocked\"},{\"name\":\"https\",\"status\":\"mocked\"},{\"name\":\"net\",\"status\":\"mocked\"}]"}}
[debug] [2020-10-18T13:14:41.066Z] [runtime-status] [11421] Resolved module firebase-functions {"declared":true,"installed":true,"version":"3.6.1","resolution":"/Users/kartikgupta/Downloads/CodersGala-master/functions/node_modules/firebase-functions/lib/index.js"} {"metadata":{"emulator":{"name":"functions"},"message":"[runtime-status] [11421] Resolved module firebase-functions {\"declared\":true,\"installed\":true,\"version\":\"3.6.1\",\"resolution\":\"/Users/kartikgupta/Downloads/CodersGala-master/functions/node_modules/firebase-functions/lib/index.js\"}"}}
[debug] [2020-10-18T13:14:41.138Z] [runtime-status] [11421] Checked functions.config() {"config":{}} {"metadata":{"emulator":{"name":"functions"},"message":"[runtime-status] [11421] Checked functions.config() {\"config\":{}}"}}
[debug] [2020-10-18T13:14:41.139Z] [runtime-status] [11421] firebase-functions has been stubbed. {"functionsResolution":{"declared":true,"installed":true,"version":"3.6.1","resolution":"/Users/kartikgupta/Downloads/CodersGala-master/functions/node_modules/firebase-functions/lib/index.js"}} {"metadata":{"emulator":{"name":"functions"},"message":"[runtime-status] [11421] firebase-functions has been stubbed. {\"functionsResolution\":{\"declared\":true,\"installed\":true,\"version\":\"3.6.1\",\"resolution\":\"/Users/kartikgupta/Downloads/CodersGala-master/functions/node_modules/firebase-functions/lib/index.js\"}}"}}
[debug] [2020-10-18T13:14:41.139Z] [runtime-status] [11421] Resolved module firebase-functions {"declared":true,"installed":true,"version":"3.6.1","resolution":"/Users/kartikgupta/Downloads/CodersGala-master/functions/node_modules/firebase-functions/lib/index.js"} {"metadata":{"emulator":{"name":"functions"},"message":"[runtime-status] [11421] Resolved module firebase-functions {\"declared\":true,\"installed\":true,\"version\":\"3.6.1\",\"resolution\":\"/Users/kartikgupta/Downloads/CodersGala-master/functions/node_modules/firebase-functions/lib/index.js\"}"}}
[debug] [2020-10-18T13:14:41.140Z] [runtime-status] [11421] Resolved module firebase-admin {"declared":true,"installed":true,"version":"8.12.1","resolution":"/Users/kartikgupta/Downloads/CodersGala-master/functions/node_modules/firebase-admin/lib/index.js"} {"metadata":{"emulator":{"name":"functions"},"message":"[runtime-status] [11421] Resolved module firebase-admin {\"declared\":true,\"installed\":true,\"version\":\"8.12.1\",\"resolution\":\"/Users/kartikgupta/Downloads/CodersGala-master/functions/node_modules/firebase-admin/lib/index.js\"}"}}
[debug] [2020-10-18T13:14:41.141Z] [runtime-status] [11421] Resolved module firebase-functions {"declared":true,"installed":true,"version":"3.6.1","resolution":"/Users/kartikgupta/Downloads/CodersGala-master/functions/node_modules/firebase-functions/lib/index.js"} {"metadata":{"emulator":{"name":"functions"},"message":"[runtime-status] [11421] Resolved module firebase-functions {\"declared\":true,\"installed\":true,\"version\":\"3.6.1\",\"resolution\":\"/Users/kartikgupta/Downloads/CodersGala-master/functions/node_modules/firebase-functions/lib/index.js\"}"}}
[debug] [2020-10-18T13:14:41.141Z] [runtime-status] [11421] firebase-admin has been stubbed. {"adminResolution":{"declared":true,"installed":true,"version":"8.12.1","resolution":"/Users/kartikgupta/Downloads/CodersGala-master/functions/node_modules/firebase-admin/lib/index.js"}} {"metadata":{"emulator":{"name":"functions"},"message":"[runtime-status] [11421] firebase-admin has been stubbed. {\"adminResolution\":{\"declared\":true,\"installed\":true,\"version\":\"8.12.1\",\"resolution\":\"/Users/kartikgupta/Downloads/CodersGala-master/functions/node_modules/firebase-admin/lib/index.js\"}}"}}
[debug] [2020-10-18T13:14:42.403Z] [runtime-status] [11421] initializeApp(DEFAULT) {"databaseURL":"https://codersgala.firebaseio.com","storageBucket":"codersgala.appspot.com","projectId":"codersgala"} {"metadata":{"emulator":{"name":"functions"},"message":"[runtime-status] [11421] initializeApp(DEFAULT) {\"databaseURL\":\"https://codersgala.firebaseio.com\",\"storageBucket\":\"codersgala.appspot.com\",\"projectId\":\"codersgala\"}"}}
[info] >  whatever {"user":"whatever","metadata":{"emulator":{"name":"functions"},"message":"\u001b[90m> \u001b[39m whatever"}}
[info] ✔  functions[ssrapp]: http function initialized (http://localhost:5001/codersgala/us-central1/ssrapp). {"metadata":{"emulator":{"name":"functions"},"message":"\u001b[1mhttp\u001b[22m function initialized (http://localhost:5001/codersgala/us-central1/ssrapp)."}}
[info] ✔  functions[addAdminRole]: http function initialized (http://localhost:5001/codersgala/us-central1/addAdminRole). {"metadata":{"emulator":{"name":"functions"},"message":"\u001b[1mhttp\u001b[22m function initialized (http://localhost:5001/codersgala/us-central1/addAdminRole)."}}
[info] ✔  functions[sendEmail]: http function initialized (http://localhost:5001/codersgala/us-central1/sendEmail). {"metadata":{"emulator":{"name":"functions"},"message":"\u001b[1mhttp\u001b[22m function initialized (http://localhost:5001/codersgala/us-central1/sendEmail)."}}
[info] ✔  functions[userList]: http function initialized (http://localhost:5001/codersgala/us-central1/userList). {"metadata":{"emulator":{"name":"functions"},"message":"\u001b[1mhttp\u001b[22m function initialized (http://localhost:5001/codersgala/us-central1/userList)."}}
[info] ✔  functions[blockUser]: http function initialized (http://localhost:5001/codersgala/us-central1/blockUser). {"metadata":{"emulator":{"name":"functions"},"message":"\u001b[1mhttp\u001b[22m function initialized (http://localhost:5001/codersgala/us-central1/blockUser)."}}
[info] ✔  functions[unblockUser]: http function initialized (http://localhost:5001/codersgala/us-central1/unblockUser). {"metadata":{"emulator":{"name":"functions"},"message":"\u001b[1mhttp\u001b[22m function initialized (http://localhost:5001/codersgala/us-central1/unblockUser)."}}
[info] ✔  functions[deleteUser]: http function initialized (http://localhost:5001/codersgala/us-central1/deleteUser). {"metadata":{"emulator":{"name":"functions"},"message":"\u001b[1mhttp\u001b[22m function initialized (http://localhost:5001/codersgala/us-central1/deleteUser)."}}
[info] i  functions[notification]: function ignored because the firestore emulator does not exist or is not running. {"metadata":{"emulator":{"name":"functions"},"message":"function ignored because the firestore emulator does not exist or is not running."}}
[debug] [2020-10-18T13:14:42.416Z] [worker-~diagnostic~-d870bb99-5141-4f00-9fb7-9da322a5e3bc]: IDLE {"metadata":{"emulator":{"name":"functions"},"message":"[worker-~diagnostic~-d870bb99-5141-4f00-9fb7-9da322a5e3bc]: IDLE"}}
[info] [hosting] Rewriting /article/add/I6HPWNvC4YBeY1xyUTqh/tEBmqLSfY5GJYs3ZR9JA to http://localhost:5001/codersgala/us-central1/ssrapp for local Function ssrapp
[debug] [2020-10-18T13:14:47.501Z] [work-queue] {"queueLength":1,"workRunningCount":0}
[debug] [2020-10-18T13:14:47.501Z] [work-queue] {"queueLength":0,"workRunningCount":1}
[debug] [2020-10-18T13:14:47.502Z] Accepted request GET /codersgala/us-central1/ssrapp/article/add/I6HPWNvC4YBeY1xyUTqh/tEBmqLSfY5GJYs3ZR9JA --> ssrapp
[debug] [2020-10-18T13:14:47.505Z] [worker-pool] addWorker(ssrapp) {"metadata":{"emulator":{"name":"functions"},"message":"[worker-pool] addWorker(ssrapp)"}}
[debug] [2020-10-18T13:14:47.505Z] [worker-pool] Adding worker with key ssrapp, total=1 {"metadata":{"emulator":{"name":"functions"},"message":"[worker-pool] Adding worker with key ssrapp, total=1"}}
[debug] [2020-10-18T13:14:47.505Z] [worker-pool] submitWork(triggerId=ssrapp) {"metadata":{"emulator":{"name":"functions"},"message":"[worker-pool] submitWork(triggerId=ssrapp)"}}
[debug] [2020-10-18T13:14:47.506Z] [worker-ssrapp-bf2292f9-ffa9-463a-bdb6-8531ef4ea44c]: Assigning socketPath: /var/folders/y8/1t094q654sg20v30nwgdf4d00000gn/T/fire_emu_11422.sock {"metadata":{"emulator":{"name":"functions"},"message":"[worker-ssrapp-bf2292f9-ffa9-463a-bdb6-8531ef4ea44c]: Assigning socketPath: /var/folders/y8/1t094q654sg20v30nwgdf4d00000gn/T/fire_emu_11422.sock"}}
[debug] [2020-10-18T13:14:47.507Z] [worker-ssrapp-bf2292f9-ffa9-463a-bdb6-8531ef4ea44c]: BUSY {"metadata":{"emulator":{"name":"functions"},"message":"[worker-ssrapp-bf2292f9-ffa9-463a-bdb6-8531ef4ea44c]: BUSY"}}
[debug] [2020-10-18T13:14:47.829Z] [runtime-status] [11422] Functions runtime initialized. {"cwd":"/Users/kartikgupta/Downloads/CodersGala-master/functions","node_version":"11.0.0"} {"metadata":{"emulator":{"name":"functions"},"function":{"name":"ssrapp"},"message":"[runtime-status] [11422] Functions runtime initialized. {\"cwd\":\"/Users/kartikgupta/Downloads/CodersGala-master/functions\",\"node_version\":\"11.0.0\"}"}}
[debug] [2020-10-18T13:14:47.831Z] [runtime-status] [11422] Disabled runtime features: undefined {"metadata":{"emulator":{"name":"functions"},"function":{"name":"ssrapp"},"message":"[runtime-status] [11422] Disabled runtime features: undefined"}}
[debug] [2020-10-18T13:14:47.833Z] [runtime-status] [11422] Resolved module firebase-admin {"declared":true,"installed":true,"version":"8.12.1","resolution":"/Users/kartikgupta/Downloads/CodersGala-master/functions/node_modules/firebase-admin/lib/index.js"} {"metadata":{"emulator":{"name":"functions"},"function":{"name":"ssrapp"},"message":"[runtime-status] [11422] Resolved module firebase-admin {\"declared\":true,\"installed\":true,\"version\":\"8.12.1\",\"resolution\":\"/Users/kartikgupta/Downloads/CodersGala-master/functions/node_modules/firebase-admin/lib/index.js\"}"}}
[debug] [2020-10-18T13:14:47.834Z] [runtime-status] [11422] Resolved module firebase-functions {"declared":true,"installed":true,"version":"3.6.1","resolution":"/Users/kartikgupta/Downloads/CodersGala-master/functions/node_modules/firebase-functions/lib/index.js"} {"metadata":{"emulator":{"name":"functions"},"function":{"name":"ssrapp"},"message":"[runtime-status] [11422] Resolved module firebase-functions {\"declared\":true,\"installed\":true,\"version\":\"3.6.1\",\"resolution\":\"/Users/kartikgupta/Downloads/CodersGala-master/functions/node_modules/firebase-functions/lib/index.js\"}"}}
[debug] [2020-10-18T13:14:47.839Z] [runtime-status] [11422] Outgoing network have been stubbed. [{"name":"http","status":"mocked"},{"name":"http","status":"mocked"},{"name":"https","status":"mocked"},{"name":"https","status":"mocked"},{"name":"net","status":"mocked"}] {"metadata":{"emulator":{"name":"functions"},"function":{"name":"ssrapp"},"message":"[runtime-status] [11422] Outgoing network have been stubbed. [{\"name\":\"http\",\"status\":\"mocked\"},{\"name\":\"http\",\"status\":\"mocked\"},{\"name\":\"https\",\"status\":\"mocked\"},{\"name\":\"https\",\"status\":\"mocked\"},{\"name\":\"net\",\"status\":\"mocked\"}]"}}
[debug] [2020-10-18T13:14:47.839Z] [runtime-status] [11422] Resolved module firebase-functions {"declared":true,"installed":true,"version":"3.6.1","resolution":"/Users/kartikgupta/Downloads/CodersGala-master/functions/node_modules/firebase-functions/lib/index.js"} {"metadata":{"emulator":{"name":"functions"},"function":{"name":"ssrapp"},"message":"[runtime-status] [11422] Resolved module firebase-functions {\"declared\":true,\"installed\":true,\"version\":\"3.6.1\",\"resolution\":\"/Users/kartikgupta/Downloads/CodersGala-master/functions/node_modules/firebase-functions/lib/index.js\"}"}}
[debug] [2020-10-18T13:14:47.873Z] [runtime-status] [11422] Checked functions.config() {"config":{}} {"metadata":{"emulator":{"name":"functions"},"function":{"name":"ssrapp"},"message":"[runtime-status] [11422] Checked functions.config() {\"config\":{}}"}}
[debug] [2020-10-18T13:14:47.873Z] [runtime-status] [11422] firebase-functions has been stubbed. {"functionsResolution":{"declared":true,"installed":true,"version":"3.6.1","resolution":"/Users/kartikgupta/Downloads/CodersGala-master/functions/node_modules/firebase-functions/lib/index.js"}} {"metadata":{"emulator":{"name":"functions"},"function":{"name":"ssrapp"},"message":"[runtime-status] [11422] firebase-functions has been stubbed. {\"functionsResolution\":{\"declared\":true,\"installed\":true,\"version\":\"3.6.1\",\"resolution\":\"/Users/kartikgupta/Downloads/CodersGala-master/functions/node_modules/firebase-functions/lib/index.js\"}}"}}
[debug] [2020-10-18T13:14:47.874Z] [runtime-status] [11422] Resolved module firebase-functions {"declared":true,"installed":true,"version":"3.6.1","resolution":"/Users/kartikgupta/Downloads/CodersGala-master/functions/node_modules/firebase-functions/lib/index.js"} {"metadata":{"emulator":{"name":"functions"},"function":{"name":"ssrapp"},"message":"[runtime-status] [11422] Resolved module firebase-functions {\"declared\":true,\"installed\":true,\"version\":\"3.6.1\",\"resolution\":\"/Users/kartikgupta/Downloads/CodersGala-master/functions/node_modules/firebase-functions/lib/index.js\"}"}}
[debug] [2020-10-18T13:14:47.875Z] [runtime-status] [11422] Resolved module firebase-admin {"declared":true,"installed":true,"version":"8.12.1","resolution":"/Users/kartikgupta/Downloads/CodersGala-master/functions/node_modules/firebase-admin/lib/index.js"} {"metadata":{"emulator":{"name":"functions"},"function":{"name":"ssrapp"},"message":"[runtime-status] [11422] Resolved module firebase-admin {\"declared\":true,\"installed\":true,\"version\":\"8.12.1\",\"resolution\":\"/Users/kartikgupta/Downloads/CodersGala-master/functions/node_modules/firebase-admin/lib/index.js\"}"}}
[debug] [2020-10-18T13:14:47.875Z] [runtime-status] [11422] Resolved module firebase-functions {"declared":true,"installed":true,"version":"3.6.1","resolution":"/Users/kartikgupta/Downloads/CodersGala-master/functions/node_modules/firebase-functions/lib/index.js"} {"metadata":{"emulator":{"name":"functions"},"function":{"name":"ssrapp"},"message":"[runtime-status] [11422] Resolved module firebase-functions {\"declared\":true,\"installed\":true,\"version\":\"3.6.1\",\"resolution\":\"/Users/kartikgupta/Downloads/CodersGala-master/functions/node_modules/firebase-functions/lib/index.js\"}"}}
[debug] [2020-10-18T13:14:47.875Z] [runtime-status] [11422] firebase-admin has been stubbed. {"adminResolution":{"declared":true,"installed":true,"version":"8.12.1","resolution":"/Users/kartikgupta/Downloads/CodersGala-master/functions/node_modules/firebase-admin/lib/index.js"}} {"metadata":{"emulator":{"name":"functions"},"function":{"name":"ssrapp"},"message":"[runtime-status] [11422] firebase-admin has been stubbed. {\"adminResolution\":{\"declared\":true,\"installed\":true,\"version\":\"8.12.1\",\"resolution\":\"/Users/kartikgupta/Downloads/CodersGala-master/functions/node_modules/firebase-admin/lib/index.js\"}}"}}
[debug] [2020-10-18T13:14:48.420Z] [runtime-status] [11422] initializeApp(DEFAULT) {"databaseURL":"https://codersgala.firebaseio.com","storageBucket":"codersgala.appspot.com","projectId":"codersgala"} {"metadata":{"emulator":{"name":"functions"},"function":{"name":"ssrapp"},"message":"[runtime-status] [11422] initializeApp(DEFAULT) {\"databaseURL\":\"https://codersgala.firebaseio.com\",\"storageBucket\":\"codersgala.appspot.com\",\"projectId\":\"codersgala\"}"}}
[info] >  whatever {"user":"whatever","metadata":{"emulator":{"name":"functions"},"function":{"name":"ssrapp"},"message":"\u001b[90m> \u001b[39m whatever"}}
[debug] [2020-10-18T13:14:48.425Z] [runtime-status] [11422] Trigger "ssrapp" has been found, beginning invocation! {"metadata":{"emulator":{"name":"functions"},"function":{"name":"ssrapp"},"message":"[runtime-status] [11422] Trigger \"ssrapp\" has been found, beginning invocation!"}}
[info] i  functions: Beginning execution of "ssrapp" {"metadata":{"emulator":{"name":"functions"},"function":{"name":"ssrapp"},"message":"Beginning execution of \"ssrapp\""}}
[debug] [2020-10-18T13:14:48.425Z] [runtime-status] [11422] triggerDefinition {"httpsTrigger":{},"name":"ssrapp","entryPoint":"ssrapp"} {"metadata":{"emulator":{"name":"functions"},"function":{"name":"ssrapp"},"message":"[runtime-status] [11422] triggerDefinition {\"httpsTrigger\":{},\"name\":\"ssrapp\",\"entryPoint\":\"ssrapp\"}"}}
[debug] [2020-10-18T13:14:48.425Z] [runtime-status] [11422] Running ssrapp in mode HTTPS {"metadata":{"emulator":{"name":"functions"},"function":{"name":"ssrapp"},"message":"[runtime-status] [11422] Running ssrapp in mode HTTPS"}}
[debug] [2020-10-18T13:14:48.428Z] [runtime-status] [11422] Attempting to listen to socketPath: /var/folders/y8/1t094q654sg20v30nwgdf4d00000gn/T/fire_emu_11422.sock {"metadata":{"emulator":{"name":"functions"},"function":{"name":"ssrapp"},"message":"[runtime-status] [11422] Attempting to listen to socketPath: /var/folders/y8/1t094q654sg20v30nwgdf4d00000gn/T/fire_emu_11422.sock"}}
[debug] [2020-10-18T13:14:48.433Z] [functions] Runtime ready! Sending request! {"metadata":{"emulator":{"name":"functions"},"message":"[functions] Runtime ready! Sending request!"}}
[debug] [2020-10-18T13:14:48.443Z] [runtime-status] [11422] Ephemeral server handling GET request {"metadata":{"emulator":{"name":"functions"},"function":{"name":"ssrapp"},"message":"[runtime-status] [11422] Ephemeral server handling GET request"}}
[info] >  working {"user":"working","metadata":{"emulator":{"name":"functions"},"function":{"name":"ssrapp"},"message":"\u001b[90m> \u001b[39m working"}}
[debug] [2020-10-18T13:14:48.545Z] [runtime-status] [11422] Ephemeral server survived. {"metadata":{"emulator":{"name":"functions"},"function":{"name":"ssrapp"},"message":"[runtime-status] [11422] Ephemeral server survived."}}
[info] >  { error: null } {"user":"{ error: null }","metadata":{"emulator":{"name":"functions"},"function":{"name":"ssrapp"},"message":"\u001b[90m> \u001b[39m { error: null }"}}
[info] >  Warning: componentWillMount has been renamed, and is not recommended for use. See https://fb.me/react-unsafe-component-lifecycles for details. {"user":"Warning: componentWillMount has been renamed, and is not recommended for use. See https://fb.me/react-unsafe-component-lifecycles for details.","metadata":{"emulator":{"name":"functions"},"function":{"name":"ssrapp"},"message":"\u001b[90m> \u001b[39m Warning: componentWillMount has been renamed, and is not recommended for use. See https://fb.me/react-unsafe-component-lifecycles for details."}}
[info] >   {"user":"","metadata":{"emulator":{"name":"functions"},"function":{"name":"ssrapp"},"message":"\u001b[90m> \u001b[39m "}}
[info] >  * Move code from componentWillMount to componentDidMount (preferred in most cases) or the constructor. {"user":"* Move code from componentWillMount to componentDidMount (preferred in most cases) or the constructor.","metadata":{"emulator":{"name":"functions"},"function":{"name":"ssrapp"},"message":"\u001b[90m> \u001b[39m * Move code from componentWillMount to componentDidMount (preferred in most cases) or the constructor."}}
[info] >   {"user":"","metadata":{"emulator":{"name":"functions"},"function":{"name":"ssrapp"},"message":"\u001b[90m> \u001b[39m "}}
[info] >  Please update the following components: LoadableComponent {"user":"Please update the following components: LoadableComponent","metadata":{"emulator":{"name":"functions"},"function":{"name":"ssrapp"},"message":"\u001b[90m> \u001b[39m Please update the following components: LoadableComponent"}}
[info] >      in LoadableComponent {"user":"    in LoadableComponent","metadata":{"emulator":{"name":"functions"},"function":{"name":"ssrapp"},"message":"\u001b[90m> \u001b[39m     in LoadableComponent"}}
[info] >      in Context.Provider {"user":"    in Context.Provider","metadata":{"emulator":{"name":"functions"},"function":{"name":"ssrapp"},"message":"\u001b[90m> \u001b[39m     in Context.Provider"}}
[info] >      in Context.Consumer {"user":"    in Context.Consumer","metadata":{"emulator":{"name":"functions"},"function":{"name":"ssrapp"},"message":"\u001b[90m> \u001b[39m     in Context.Consumer"}}
[info] >      in Route {"user":"    in Route","metadata":{"emulator":{"name":"functions"},"function":{"name":"ssrapp"},"message":"\u001b[90m> \u001b[39m     in Route"}}
[info] >      in Context.Consumer {"user":"    in Context.Consumer","metadata":{"emulator":{"name":"functions"},"function":{"name":"ssrapp"},"message":"\u001b[90m> \u001b[39m     in Context.Consumer"}}
[info] >      in Switch {"user":"    in Switch","metadata":{"emulator":{"name":"functions"},"function":{"name":"ssrapp"},"message":"\u001b[90m> \u001b[39m     in Switch"}}
[info] >      in Context.Provider {"user":"    in Context.Provider","metadata":{"emulator":{"name":"functions"},"function":{"name":"ssrapp"},"message":"\u001b[90m> \u001b[39m     in Context.Provider"}}
[info] >      in PresenceChild {"user":"    in PresenceChild","metadata":{"emulator":{"name":"functions"},"function":{"name":"ssrapp"},"message":"\u001b[90m> \u001b[39m     in PresenceChild"}}
[info] >      in Fragment {"user":"    in Fragment","metadata":{"emulator":{"name":"functions"},"function":{"name":"ssrapp"},"message":"\u001b[90m> \u001b[39m     in Fragment"}}
[info] >      in AnimatePresence {"user":"    in AnimatePresence","metadata":{"emulator":{"name":"functions"},"function":{"name":"ssrapp"},"message":"\u001b[90m> \u001b[39m     in AnimatePresence"}}
[info] >      in div {"user":"    in div","metadata":{"emulator":{"name":"functions"},"function":{"name":"ssrapp"},"message":"\u001b[90m> \u001b[39m     in div"}}
[info] >      in App {"user":"    in App","metadata":{"emulator":{"name":"functions"},"function":{"name":"ssrapp"},"message":"\u001b[90m> \u001b[39m     in App"}}
[info] >      in Context.Provider {"user":"    in Context.Provider","metadata":{"emulator":{"name":"functions"},"function":{"name":"ssrapp"},"message":"\u001b[90m> \u001b[39m     in Context.Provider"}}
[info] >      in Context.Provider {"user":"    in Context.Provider","metadata":{"emulator":{"name":"functions"},"function":{"name":"ssrapp"},"message":"\u001b[90m> \u001b[39m     in Context.Provider"}}
[info] >      in Router {"user":"    in Router","metadata":{"emulator":{"name":"functions"},"function":{"name":"ssrapp"},"message":"\u001b[90m> \u001b[39m     in Router"}}
[info] >      in StaticRouter {"user":"    in StaticRouter","metadata":{"emulator":{"name":"functions"},"function":{"name":"ssrapp"},"message":"\u001b[90m> \u001b[39m     in StaticRouter"}}
[info] >      in Context.Provider {"user":"    in Context.Provider","metadata":{"emulator":{"name":"functions"},"function":{"name":"ssrapp"},"message":"\u001b[90m> \u001b[39m     in Context.Provider"}}
[info] >      in ModeContextProvider {"user":"    in ModeContextProvider","metadata":{"emulator":{"name":"functions"},"function":{"name":"ssrapp"},"message":"\u001b[90m> \u001b[39m     in ModeContextProvider"}}
[info] >      in Context.Provider {"user":"    in Context.Provider","metadata":{"emulator":{"name":"functions"},"function":{"name":"ssrapp"},"message":"\u001b[90m> \u001b[39m     in Context.Provider"}}
[info] >      in HomeContextProvider {"user":"    in HomeContextProvider","metadata":{"emulator":{"name":"functions"},"function":{"name":"ssrapp"},"message":"\u001b[90m> \u001b[39m     in HomeContextProvider"}}
[info] >      in Context.Provider {"user":"    in Context.Provider","metadata":{"emulator":{"name":"functions"},"function":{"name":"ssrapp"},"message":"\u001b[90m> \u001b[39m     in Context.Provider"}}
[info] >      in ArticlesContextProvider {"user":"    in ArticlesContextProvider","metadata":{"emulator":{"name":"functions"},"function":{"name":"ssrapp"},"message":"\u001b[90m> \u001b[39m     in ArticlesContextProvider"}}
[info] >      in Context.Provider {"user":"    in Context.Provider","metadata":{"emulator":{"name":"functions"},"function":{"name":"ssrapp"},"message":"\u001b[90m> \u001b[39m     in Context.Provider"}}
[info] >      in TopicsContextProvider {"user":"    in TopicsContextProvider","metadata":{"emulator":{"name":"functions"},"function":{"name":"ssrapp"},"message":"\u001b[90m> \u001b[39m     in TopicsContextProvider"}}
[info] >      in Context.Provider {"user":"    in Context.Provider","metadata":{"emulator":{"name":"functions"},"function":{"name":"ssrapp"},"message":"\u001b[90m> \u001b[39m     in Context.Provider"}}
[info] >      in SpecialityContextProvider {"user":"    in SpecialityContextProvider","metadata":{"emulator":{"name":"functions"},"function":{"name":"ssrapp"},"message":"\u001b[90m> \u001b[39m     in SpecialityContextProvider"}}
[info] >      in Context.Provider {"user":"    in Context.Provider","metadata":{"emulator":{"name":"functions"},"function":{"name":"ssrapp"},"message":"\u001b[90m> \u001b[39m     in Context.Provider"}}
[info] >      in AuthContextProvider {"user":"    in AuthContextProvider","metadata":{"emulator":{"name":"functions"},"function":{"name":"ssrapp"},"message":"\u001b[90m> \u001b[39m     in AuthContextProvider"}}
[info] >  Warning: setState(...): Can only update a mounting component. This usually means you called setState() outside componentWillMount() on the server. This is a no-op. {"user":"Warning: setState(...): Can only update a mounting component. This usually means you called setState() outside componentWillMount() on the server. This is a no-op.","metadata":{"emulator":{"name":"functions"},"function":{"name":"ssrapp"},"message":"\u001b[90m> \u001b[39m Warning: setState(...): Can only update a mounting component. This usually means you called setState() outside componentWillMount() on the server. This is a no-op."}}
[info] >   {"user":"","metadata":{"emulator":{"name":"functions"},"function":{"name":"ssrapp"},"message":"\u001b[90m> \u001b[39m "}}
[info] >  Please check the code for the LoadableComponent component. {"user":"Please check the code for the LoadableComponent component.","metadata":{"emulator":{"name":"functions"},"function":{"name":"ssrapp"},"message":"\u001b[90m> \u001b[39m Please check the code for the LoadableComponent component."}}
[info] i  hosting: 127.0.0.1 - - [18/Oct/2020:13:14:49 +0000] "GET /article/add/I6HPWNvC4YBeY1xyUTqh/tEBmqLSfY5GJYs3ZR9JA HTTP/1.1" 200 330127 "http://localhost:5000/learn" "Mozilla/5.0 (Macintosh; Intel Mac OS X 10_15_7) AppleWebKit/537.36 (KHTML, like Gecko) Chrome/86.0.4240.80 Safari/537.36" {"metadata":{"emulator":{"name":"hosting"},"message":"127.0.0.1 - - [18/Oct/2020:13:14:49 +0000] \"GET /article/add/I6HPWNvC4YBeY1xyUTqh/tEBmqLSfY5GJYs3ZR9JA HTTP/1.1\" 200 330127 \"http://localhost:5000/learn\" \"Mozilla/5.0 (Macintosh; Intel Mac OS X 10_15_7) AppleWebKit/537.36 (KHTML, like Gecko) Chrome/86.0.4240.80 Safari/537.36\""}}
[info] i  functions: Finished "ssrapp" in ~1s {"metadata":{"emulator":{"name":"functions"},"function":{"name":"ssrapp"},"message":"Finished \"ssrapp\" in ~1s"}}
[debug] [2020-10-18T13:14:49.481Z] [worker-ssrapp-bf2292f9-ffa9-463a-bdb6-8531ef4ea44c]: IDLE {"metadata":{"emulator":{"name":"functions"},"message":"[worker-ssrapp-bf2292f9-ffa9-463a-bdb6-8531ef4ea44c]: IDLE"}}
[debug] [2020-10-18T13:14:49.481Z] [work-queue] {"queueLength":0,"workRunningCount":0}
[info] i  hosting: 127.0.0.1 - - [18/Oct/2020:13:14:49 +0000] "GET /static/css/main.65cc138c.chunk.css HTTP/1.1" 200 62703 "http://localhost:5000/article/add/I6HPWNvC4YBeY1xyUTqh/tEBmqLSfY5GJYs3ZR9JA" "Mozilla/5.0 (Macintosh; Intel Mac OS X 10_15_7) AppleWebKit/537.36 (KHTML, like Gecko) Chrome/86.0.4240.80 Safari/537.36" {"metadata":{"emulator":{"name":"hosting"},"message":"127.0.0.1 - - [18/Oct/2020:13:14:49 +0000] \"GET /static/css/main.65cc138c.chunk.css HTTP/1.1\" 200 62703 \"http://localhost:5000/article/add/I6HPWNvC4YBeY1xyUTqh/tEBmqLSfY5GJYs3ZR9JA\" \"Mozilla/5.0 (Macintosh; Intel Mac OS X 10_15_7) AppleWebKit/537.36 (KHTML, like Gecko) Chrome/86.0.4240.80 Safari/537.36\""}}
[info] i  hosting: 127.0.0.1 - - [18/Oct/2020:13:14:49 +0000] "GET /static/css/3.3e5395ac.chunk.css HTTP/1.1" 200 168622 "http://localhost:5000/article/add/I6HPWNvC4YBeY1xyUTqh/tEBmqLSfY5GJYs3ZR9JA" "Mozilla/5.0 (Macintosh; Intel Mac OS X 10_15_7) AppleWebKit/537.36 (KHTML, like Gecko) Chrome/86.0.4240.80 Safari/537.36" {"metadata":{"emulator":{"name":"hosting"},"message":"127.0.0.1 - - [18/Oct/2020:13:14:49 +0000] \"GET /static/css/3.3e5395ac.chunk.css HTTP/1.1\" 200 168622 \"http://localhost:5000/article/add/I6HPWNvC4YBeY1xyUTqh/tEBmqLSfY5GJYs3ZR9JA\" \"Mozilla/5.0 (Macintosh; Intel Mac OS X 10_15_7) AppleWebKit/537.36 (KHTML, like Gecko) Chrome/86.0.4240.80 Safari/537.36\""}}
[info] i  hosting: 127.0.0.1 - - [18/Oct/2020:13:14:49 +0000] "GET /static/js/main.25eceb3b.chunk.js HTTP/1.1" 200 33386 "http://localhost:5000/article/add/I6HPWNvC4YBeY1xyUTqh/tEBmqLSfY5GJYs3ZR9JA" "Mozilla/5.0 (Macintosh; Intel Mac OS X 10_15_7) AppleWebKit/537.36 (KHTML, like Gecko) Chrome/86.0.4240.80 Safari/537.36" {"metadata":{"emulator":{"name":"hosting"},"message":"127.0.0.1 - - [18/Oct/2020:13:14:49 +0000] \"GET /static/js/main.25eceb3b.chunk.js HTTP/1.1\" 200 33386 \"http://localhost:5000/article/add/I6HPWNvC4YBeY1xyUTqh/tEBmqLSfY5GJYs3ZR9JA\" \"Mozilla/5.0 (Macintosh; Intel Mac OS X 10_15_7) AppleWebKit/537.36 (KHTML, like Gecko) Chrome/86.0.4240.80 Safari/537.36\""}}
[info] i  hosting: 127.0.0.1 - - [18/Oct/2020:13:14:49 +0000] "GET /static/js/3.a0657029.chunk.js HTTP/1.1" 200 1302130 "http://localhost:5000/article/add/I6HPWNvC4YBeY1xyUTqh/tEBmqLSfY5GJYs3ZR9JA" "Mozilla/5.0 (Macintosh; Intel Mac OS X 10_15_7) AppleWebKit/537.36 (KHTML, like Gecko) Chrome/86.0.4240.80 Safari/537.36" {"metadata":{"emulator":{"name":"hosting"},"message":"127.0.0.1 - - [18/Oct/2020:13:14:49 +0000] \"GET /static/js/3.a0657029.chunk.js HTTP/1.1\" 200 1302130 \"http://localhost:5000/article/add/I6HPWNvC4YBeY1xyUTqh/tEBmqLSfY5GJYs3ZR9JA\" \"Mozilla/5.0 (Macintosh; Intel Mac OS X 10_15_7) AppleWebKit/537.36 (KHTML, like Gecko) Chrome/86.0.4240.80 Safari/537.36\""}}
[info] i  hosting: 127.0.0.1 - - [18/Oct/2020:13:14:49 +0000] "GET /static/css/3.3e5395ac.chunk.css.map HTTP/1.1" 200 518785 "-" "Mozilla/5.0 (Macintosh; Intel Mac OS X 10_15_7) AppleWebKit/537.36 (KHTML, like Gecko) Chrome/86.0.4240.80 Safari/537.36" {"metadata":{"emulator":{"name":"hosting"},"message":"127.0.0.1 - - [18/Oct/2020:13:14:49 +0000] \"GET /static/css/3.3e5395ac.chunk.css.map HTTP/1.1\" 200 518785 \"-\" \"Mozilla/5.0 (Macintosh; Intel Mac OS X 10_15_7) AppleWebKit/537.36 (KHTML, like Gecko) Chrome/86.0.4240.80 Safari/537.36\""}}
[info] i  hosting: 127.0.0.1 - - [18/Oct/2020:13:14:49 +0000] "GET /static/js/main.25eceb3b.chunk.js.map HTTP/1.1" 200 81699 "-" "Mozilla/5.0 (Macintosh; Intel Mac OS X 10_15_7) AppleWebKit/537.36 (KHTML, like Gecko) Chrome/86.0.4240.80 Safari/537.36" {"metadata":{"emulator":{"name":"hosting"},"message":"127.0.0.1 - - [18/Oct/2020:13:14:49 +0000] \"GET /static/js/main.25eceb3b.chunk.js.map HTTP/1.1\" 200 81699 \"-\" \"Mozilla/5.0 (Macintosh; Intel Mac OS X 10_15_7) AppleWebKit/537.36 (KHTML, like Gecko) Chrome/86.0.4240.80 Safari/537.36\""}}
[info] i  hosting: 127.0.0.1 - - [18/Oct/2020:13:14:49 +0000] "GET /static/js/3.a0657029.chunk.js.map HTTP/1.1" 200 5844581 "-" "Mozilla/5.0 (Macintosh; Intel Mac OS X 10_15_7) AppleWebKit/537.36 (KHTML, like Gecko) Chrome/86.0.4240.80 Safari/537.36" {"metadata":{"emulator":{"name":"hosting"},"message":"127.0.0.1 - - [18/Oct/2020:13:14:49 +0000] \"GET /static/js/3.a0657029.chunk.js.map HTTP/1.1\" 200 5844581 \"-\" \"Mozilla/5.0 (Macintosh; Intel Mac OS X 10_15_7) AppleWebKit/537.36 (KHTML, like Gecko) Chrome/86.0.4240.80 Safari/537.36\""}}
[info] i  hosting: 127.0.0.1 - - [18/Oct/2020:13:14:50 +0000] "GET /static/js/7.c746ccd9.chunk.js HTTP/1.1" 200 8605 "http://localhost:5000/article/add/I6HPWNvC4YBeY1xyUTqh/tEBmqLSfY5GJYs3ZR9JA" "Mozilla/5.0 (Macintosh; Intel Mac OS X 10_15_7) AppleWebKit/537.36 (KHTML, like Gecko) Chrome/86.0.4240.80 Safari/537.36" {"metadata":{"emulator":{"name":"hosting"},"message":"127.0.0.1 - - [18/Oct/2020:13:14:50 +0000] \"GET /static/js/7.c746ccd9.chunk.js HTTP/1.1\" 200 8605 \"http://localhost:5000/article/add/I6HPWNvC4YBeY1xyUTqh/tEBmqLSfY5GJYs3ZR9JA\" \"Mozilla/5.0 (Macintosh; Intel Mac OS X 10_15_7) AppleWebKit/537.36 (KHTML, like Gecko) Chrome/86.0.4240.80 Safari/537.36\""}}
[info] i  hosting: 127.0.0.1 - - [18/Oct/2020:13:14:50 +0000] "GET /static/css/main.65cc138c.chunk.css.map HTTP/1.1" 200 260437 "-" "Mozilla/5.0 (Macintosh; Intel Mac OS X 10_15_7) AppleWebKit/537.36 (KHTML, like Gecko) Chrome/86.0.4240.80 Safari/537.36" {"metadata":{"emulator":{"name":"hosting"},"message":"127.0.0.1 - - [18/Oct/2020:13:14:50 +0000] \"GET /static/css/main.65cc138c.chunk.css.map HTTP/1.1\" 200 260437 \"-\" \"Mozilla/5.0 (Macintosh; Intel Mac OS X 10_15_7) AppleWebKit/537.36 (KHTML, like Gecko) Chrome/86.0.4240.80 Safari/537.36\""}}
[info] i  hosting: 127.0.0.1 - - [18/Oct/2020:13:14:50 +0000] "GET /static/js/0.fe2a124b.chunk.js HTTP/1.1" 200 1215107 "http://localhost:5000/article/add/I6HPWNvC4YBeY1xyUTqh/tEBmqLSfY5GJYs3ZR9JA" "Mozilla/5.0 (Macintosh; Intel Mac OS X 10_15_7) AppleWebKit/537.36 (KHTML, like Gecko) Chrome/86.0.4240.80 Safari/537.36" {"metadata":{"emulator":{"name":"hosting"},"message":"127.0.0.1 - - [18/Oct/2020:13:14:50 +0000] \"GET /static/js/0.fe2a124b.chunk.js HTTP/1.1\" 200 1215107 \"http://localhost:5000/article/add/I6HPWNvC4YBeY1xyUTqh/tEBmqLSfY5GJYs3ZR9JA\" \"Mozilla/5.0 (Macintosh; Intel Mac OS X 10_15_7) AppleWebKit/537.36 (KHTML, like Gecko) Chrome/86.0.4240.80 Safari/537.36\""}}
[info] i  hosting: 127.0.0.1 - - [18/Oct/2020:13:14:50 +0000] "GET /static/js/7.c746ccd9.chunk.js.map HTTP/1.1" 200 18175 "-" "Mozilla/5.0 (Macintosh; Intel Mac OS X 10_15_7) AppleWebKit/537.36 (KHTML, like Gecko) Chrome/86.0.4240.80 Safari/537.36" {"metadata":{"emulator":{"name":"hosting"},"message":"127.0.0.1 - - [18/Oct/2020:13:14:50 +0000] \"GET /static/js/7.c746ccd9.chunk.js.map HTTP/1.1\" 200 18175 \"-\" \"Mozilla/5.0 (Macintosh; Intel Mac OS X 10_15_7) AppleWebKit/537.36 (KHTML, like Gecko) Chrome/86.0.4240.80 Safari/537.36\""}}
[info] i  hosting: 127.0.0.1 - - [18/Oct/2020:13:14:50 +0000] "GET /static/js/0.fe2a124b.chunk.js.map HTTP/1.1" 200 2499730 "-" "Mozilla/5.0 (Macintosh; Intel Mac OS X 10_15_7) AppleWebKit/537.36 (KHTML, like Gecko) Chrome/86.0.4240.80 Safari/537.36" {"metadata":{"emulator":{"name":"hosting"},"message":"127.0.0.1 - - [18/Oct/2020:13:14:50 +0000] \"GET /static/js/0.fe2a124b.chunk.js.map HTTP/1.1\" 200 2499730 \"-\" \"Mozilla/5.0 (Macintosh; Intel Mac OS X 10_15_7) AppleWebKit/537.36 (KHTML, like Gecko) Chrome/86.0.4240.80 Safari/537.36\""}}
[info] i  hosting: 127.0.0.1 - - [18/Oct/2020:13:14:50 +0000] "GET /favicon.ico HTTP/1.1" 200 15406 "http://localhost:5000/article/add/I6HPWNvC4YBeY1xyUTqh/tEBmqLSfY5GJYs3ZR9JA" "Mozilla/5.0 (Macintosh; Intel Mac OS X 10_15_7) AppleWebKit/537.36 (KHTML, like Gecko) Chrome/86.0.4240.80 Safari/537.36" {"metadata":{"emulator":{"name":"hosting"},"message":"127.0.0.1 - - [18/Oct/2020:13:14:50 +0000] \"GET /favicon.ico HTTP/1.1\" 200 15406 \"http://localhost:5000/article/add/I6HPWNvC4YBeY1xyUTqh/tEBmqLSfY5GJYs3ZR9JA\" \"Mozilla/5.0 (Macintosh; Intel Mac OS X 10_15_7) AppleWebKit/537.36 (KHTML, like Gecko) Chrome/86.0.4240.80 Safari/537.36\""}}
[info] i  hosting: 127.0.0.1 - - [18/Oct/2020:16:08:18 +0000] "GET /static/js/9.a3b14afe.chunk.js HTTP/1.1" 200 4797 "http://localhost:5000/learn" "Mozilla/5.0 (Macintosh; Intel Mac OS X 10_15_7) AppleWebKit/537.36 (KHTML, like Gecko) Chrome/86.0.4240.80 Safari/537.36" {"metadata":{"emulator":{"name":"hosting"},"message":"127.0.0.1 - - [18/Oct/2020:16:08:18 +0000] \"GET /static/js/9.a3b14afe.chunk.js HTTP/1.1\" 200 4797 \"http://localhost:5000/learn\" \"Mozilla/5.0 (Macintosh; Intel Mac OS X 10_15_7) AppleWebKit/537.36 (KHTML, like Gecko) Chrome/86.0.4240.80 Safari/537.36\""}}
[info] i  hosting: 127.0.0.1 - - [18/Oct/2020:16:08:18 +0000] "GET /static/js/9.a3b14afe.chunk.js.map HTTP/1.1" 200 12346 "-" "Mozilla/5.0 (Macintosh; Intel Mac OS X 10_15_7) AppleWebKit/537.36 (KHTML, like Gecko) Chrome/86.0.4240.80 Safari/537.36" {"metadata":{"emulator":{"name":"hosting"},"message":"127.0.0.1 - - [18/Oct/2020:16:08:18 +0000] \"GET /static/js/9.a3b14afe.chunk.js.map HTTP/1.1\" 200 12346 \"-\" \"Mozilla/5.0 (Macintosh; Intel Mac OS X 10_15_7) AppleWebKit/537.36 (KHTML, like Gecko) Chrome/86.0.4240.80 Safari/537.36\""}}
[info] [hosting] Rewriting /learn to http://localhost:5001/codersgala/us-central1/ssrapp for local Function ssrapp
[debug] [2020-10-18T16:08:19.827Z] [work-queue] {"queueLength":1,"workRunningCount":0}
[debug] [2020-10-18T16:08:19.827Z] [work-queue] {"queueLength":0,"workRunningCount":1}
[debug] [2020-10-18T16:08:19.827Z] Accepted request GET /codersgala/us-central1/ssrapp/learn --> ssrapp
[debug] [2020-10-18T16:08:19.827Z] [worker-pool] submitWork(triggerId=ssrapp) {"metadata":{"emulator":{"name":"functions"},"message":"[worker-pool] submitWork(triggerId=ssrapp)"}}
[debug] [2020-10-18T16:08:19.828Z] [worker-ssrapp-bf2292f9-ffa9-463a-bdb6-8531ef4ea44c]: Assigning socketPath: /var/folders/y8/1t094q654sg20v30nwgdf4d00000gn/T/fire_emu_11422.sock {"metadata":{"emulator":{"name":"functions"},"message":"[worker-ssrapp-bf2292f9-ffa9-463a-bdb6-8531ef4ea44c]: Assigning socketPath: /var/folders/y8/1t094q654sg20v30nwgdf4d00000gn/T/fire_emu_11422.sock"}}
[debug] [2020-10-18T16:08:19.828Z] [worker-ssrapp-bf2292f9-ffa9-463a-bdb6-8531ef4ea44c]: BUSY {"metadata":{"emulator":{"name":"functions"},"message":"[worker-ssrapp-bf2292f9-ffa9-463a-bdb6-8531ef4ea44c]: BUSY"}}
[debug] [2020-10-18T16:08:19.829Z] [runtime-status] [11422] Trigger "ssrapp" has been found, beginning invocation! {"metadata":{"emulator":{"name":"functions"},"function":{"name":"ssrapp"},"message":"[runtime-status] [11422] Trigger \"ssrapp\" has been found, beginning invocation!"}}
[info] i  functions: Beginning execution of "ssrapp" {"metadata":{"emulator":{"name":"functions"},"function":{"name":"ssrapp"},"message":"Beginning execution of \"ssrapp\""}}
[debug] [2020-10-18T16:08:19.830Z] [runtime-status] [11422] triggerDefinition {"httpsTrigger":{},"name":"ssrapp","entryPoint":"ssrapp"} {"metadata":{"emulator":{"name":"functions"},"function":{"name":"ssrapp"},"message":"[runtime-status] [11422] triggerDefinition {\"httpsTrigger\":{},\"name\":\"ssrapp\",\"entryPoint\":\"ssrapp\"}"}}
[debug] [2020-10-18T16:08:19.830Z] [runtime-status] [11422] Running ssrapp in mode HTTPS {"metadata":{"emulator":{"name":"functions"},"function":{"name":"ssrapp"},"message":"[runtime-status] [11422] Running ssrapp in mode HTTPS"}}
[debug] [2020-10-18T16:08:19.830Z] [runtime-status] [11422] Attempting to listen to socketPath: /var/folders/y8/1t094q654sg20v30nwgdf4d00000gn/T/fire_emu_11422.sock {"metadata":{"emulator":{"name":"functions"},"function":{"name":"ssrapp"},"message":"[runtime-status] [11422] Attempting to listen to socketPath: /var/folders/y8/1t094q654sg20v30nwgdf4d00000gn/T/fire_emu_11422.sock"}}
[debug] [2020-10-18T16:08:19.832Z] [functions] Runtime ready! Sending request! {"metadata":{"emulator":{"name":"functions"},"message":"[functions] Runtime ready! Sending request!"}}
[debug] [2020-10-18T16:08:19.836Z] [runtime-status] [11422] Ephemeral server handling GET request {"metadata":{"emulator":{"name":"functions"},"function":{"name":"ssrapp"},"message":"[runtime-status] [11422] Ephemeral server handling GET request"}}
[info] >  working {"user":"working","metadata":{"emulator":{"name":"functions"},"function":{"name":"ssrapp"},"message":"\u001b[90m> \u001b[39m working"}}
[debug] [2020-10-18T16:08:19.839Z] [runtime-status] [11422] Ephemeral server survived. {"metadata":{"emulator":{"name":"functions"},"function":{"name":"ssrapp"},"message":"[runtime-status] [11422] Ephemeral server survived."}}
[info] i  hosting: 127.0.0.1 - - [18/Oct/2020:16:08:20 +0000] "GET /learn HTTP/1.1" - - "http://localhost:5000/learn" "Mozilla/5.0 (Macintosh; Intel Mac OS X 10_15_7) AppleWebKit/537.36 (KHTML, like Gecko) Chrome/86.0.4240.80 Safari/537.36" {"metadata":{"emulator":{"name":"hosting"},"message":"127.0.0.1 - - [18/Oct/2020:16:08:20 +0000] \"GET /learn HTTP/1.1\" - - \"http://localhost:5000/learn\" \"Mozilla/5.0 (Macintosh; Intel Mac OS X 10_15_7) AppleWebKit/537.36 (KHTML, like Gecko) Chrome/86.0.4240.80 Safari/537.36\""}}
[info] [hosting] Rewriting /learn/WebDevelopment to http://localhost:5001/codersgala/us-central1/ssrapp for local Function ssrapp
[debug] [2020-10-18T16:08:20.511Z] [work-queue] {"queueLength":1,"workRunningCount":1}
[debug] [2020-10-18T16:08:20.511Z] [work-queue] {"queueLength":0,"workRunningCount":2}
[debug] [2020-10-18T16:08:20.512Z] Accepted request GET /codersgala/us-central1/ssrapp/learn/WebDevelopment --> ssrapp
[debug] [2020-10-18T16:08:20.526Z] [worker-pool] addWorker(ssrapp) {"metadata":{"emulator":{"name":"functions"},"message":"[worker-pool] addWorker(ssrapp)"}}
[debug] [2020-10-18T16:08:20.526Z] [worker-pool] Adding worker with key ssrapp, total=2 {"metadata":{"emulator":{"name":"functions"},"message":"[worker-pool] Adding worker with key ssrapp, total=2"}}
[debug] [2020-10-18T16:08:20.526Z] [worker-pool] submitWork(triggerId=ssrapp) {"metadata":{"emulator":{"name":"functions"},"message":"[worker-pool] submitWork(triggerId=ssrapp)"}}
[debug] [2020-10-18T16:08:20.526Z] [worker-ssrapp-9dce1bdc-a685-441c-a1f5-d705b675403b]: Assigning socketPath: /var/folders/y8/1t094q654sg20v30nwgdf4d00000gn/T/fire_emu_11837.sock {"metadata":{"emulator":{"name":"functions"},"message":"[worker-ssrapp-9dce1bdc-a685-441c-a1f5-d705b675403b]: Assigning socketPath: /var/folders/y8/1t094q654sg20v30nwgdf4d00000gn/T/fire_emu_11837.sock"}}
[debug] [2020-10-18T16:08:20.527Z] [worker-ssrapp-9dce1bdc-a685-441c-a1f5-d705b675403b]: BUSY {"metadata":{"emulator":{"name":"functions"},"message":"[worker-ssrapp-9dce1bdc-a685-441c-a1f5-d705b675403b]: BUSY"}}
[debug] [2020-10-18T16:08:21.417Z] [runtime-status] [11837] Functions runtime initialized. {"cwd":"/Users/kartikgupta/Downloads/CodersGala-master/functions","node_version":"11.0.0"} {"metadata":{"emulator":{"name":"functions"},"function":{"name":"ssrapp"},"message":"[runtime-status] [11837] Functions runtime initialized. {\"cwd\":\"/Users/kartikgupta/Downloads/CodersGala-master/functions\",\"node_version\":\"11.0.0\"}"}}
[debug] [2020-10-18T16:08:21.418Z] [runtime-status] [11837] Disabled runtime features: undefined {"metadata":{"emulator":{"name":"functions"},"function":{"name":"ssrapp"},"message":"[runtime-status] [11837] Disabled runtime features: undefined"}}
[debug] [2020-10-18T16:08:21.424Z] [runtime-status] [11837] Resolved module firebase-admin {"declared":true,"installed":true,"version":"8.12.1","resolution":"/Users/kartikgupta/Downloads/CodersGala-master/functions/node_modules/firebase-admin/lib/index.js"} {"metadata":{"emulator":{"name":"functions"},"function":{"name":"ssrapp"},"message":"[runtime-status] [11837] Resolved module firebase-admin {\"declared\":true,\"installed\":true,\"version\":\"8.12.1\",\"resolution\":\"/Users/kartikgupta/Downloads/CodersGala-master/functions/node_modules/firebase-admin/lib/index.js\"}"}}
[debug] [2020-10-18T16:08:21.426Z] [runtime-status] [11837] Resolved module firebase-functions {"declared":true,"installed":true,"version":"3.6.1","resolution":"/Users/kartikgupta/Downloads/CodersGala-master/functions/node_modules/firebase-functions/lib/index.js"} {"metadata":{"emulator":{"name":"functions"},"function":{"name":"ssrapp"},"message":"[runtime-status] [11837] Resolved module firebase-functions {\"declared\":true,\"installed\":true,\"version\":\"3.6.1\",\"resolution\":\"/Users/kartikgupta/Downloads/CodersGala-master/functions/node_modules/firebase-functions/lib/index.js\"}"}}
[debug] [2020-10-18T16:08:21.430Z] [runtime-status] [11837] Outgoing network have been stubbed. [{"name":"http","status":"mocked"},{"name":"http","status":"mocked"},{"name":"https","status":"mocked"},{"name":"https","status":"mocked"},{"name":"net","status":"mocked"}] {"metadata":{"emulator":{"name":"functions"},"function":{"name":"ssrapp"},"message":"[runtime-status] [11837] Outgoing network have been stubbed. [{\"name\":\"http\",\"status\":\"mocked\"},{\"name\":\"http\",\"status\":\"mocked\"},{\"name\":\"https\",\"status\":\"mocked\"},{\"name\":\"https\",\"status\":\"mocked\"},{\"name\":\"net\",\"status\":\"mocked\"}]"}}
[debug] [2020-10-18T16:08:21.430Z] [runtime-status] [11837] Resolved module firebase-functions {"declared":true,"installed":true,"version":"3.6.1","resolution":"/Users/kartikgupta/Downloads/CodersGala-master/functions/node_modules/firebase-functions/lib/index.js"} {"metadata":{"emulator":{"name":"functions"},"function":{"name":"ssrapp"},"message":"[runtime-status] [11837] Resolved module firebase-functions {\"declared\":true,\"installed\":true,\"version\":\"3.6.1\",\"resolution\":\"/Users/kartikgupta/Downloads/CodersGala-master/functions/node_modules/firebase-functions/lib/index.js\"}"}}
[debug] [2020-10-18T16:08:21.518Z] [runtime-status] [11837] Checked functions.config() {"config":{}} {"metadata":{"emulator":{"name":"functions"},"function":{"name":"ssrapp"},"message":"[runtime-status] [11837] Checked functions.config() {\"config\":{}}"}}
[debug] [2020-10-18T16:08:21.519Z] [runtime-status] [11837] firebase-functions has been stubbed. {"functionsResolution":{"declared":true,"installed":true,"version":"3.6.1","resolution":"/Users/kartikgupta/Downloads/CodersGala-master/functions/node_modules/firebase-functions/lib/index.js"}} {"metadata":{"emulator":{"name":"functions"},"function":{"name":"ssrapp"},"message":"[runtime-status] [11837] firebase-functions has been stubbed. {\"functionsResolution\":{\"declared\":true,\"installed\":true,\"version\":\"3.6.1\",\"resolution\":\"/Users/kartikgupta/Downloads/CodersGala-master/functions/node_modules/firebase-functions/lib/index.js\"}}"}}
[debug] [2020-10-18T16:08:21.519Z] [runtime-status] [11837] Resolved module firebase-functions {"declared":true,"installed":true,"version":"3.6.1","resolution":"/Users/kartikgupta/Downloads/CodersGala-master/functions/node_modules/firebase-functions/lib/index.js"} {"metadata":{"emulator":{"name":"functions"},"function":{"name":"ssrapp"},"message":"[runtime-status] [11837] Resolved module firebase-functions {\"declared\":true,\"installed\":true,\"version\":\"3.6.1\",\"resolution\":\"/Users/kartikgupta/Downloads/CodersGala-master/functions/node_modules/firebase-functions/lib/index.js\"}"}}
[debug] [2020-10-18T16:08:21.520Z] [runtime-status] [11837] Resolved module firebase-admin {"declared":true,"installed":true,"version":"8.12.1","resolution":"/Users/kartikgupta/Downloads/CodersGala-master/functions/node_modules/firebase-admin/lib/index.js"} {"metadata":{"emulator":{"name":"functions"},"function":{"name":"ssrapp"},"message":"[runtime-status] [11837] Resolved module firebase-admin {\"declared\":true,\"installed\":true,\"version\":\"8.12.1\",\"resolution\":\"/Users/kartikgupta/Downloads/CodersGala-master/functions/node_modules/firebase-admin/lib/index.js\"}"}}
[debug] [2020-10-18T16:08:21.520Z] [runtime-status] [11837] Resolved module firebase-functions {"declared":true,"installed":true,"version":"3.6.1","resolution":"/Users/kartikgupta/Downloads/CodersGala-master/functions/node_modules/firebase-functions/lib/index.js"} {"metadata":{"emulator":{"name":"functions"},"function":{"name":"ssrapp"},"message":"[runtime-status] [11837] Resolved module firebase-functions {\"declared\":true,\"installed\":true,\"version\":\"3.6.1\",\"resolution\":\"/Users/kartikgupta/Downloads/CodersGala-master/functions/node_modules/firebase-functions/lib/index.js\"}"}}
[debug] [2020-10-18T16:08:21.521Z] [runtime-status] [11837] firebase-admin has been stubbed. {"adminResolution":{"declared":true,"installed":true,"version":"8.12.1","resolution":"/Users/kartikgupta/Downloads/CodersGala-master/functions/node_modules/firebase-admin/lib/index.js"}} {"metadata":{"emulator":{"name":"functions"},"function":{"name":"ssrapp"},"message":"[runtime-status] [11837] firebase-admin has been stubbed. {\"adminResolution\":{\"declared\":true,\"installed\":true,\"version\":\"8.12.1\",\"resolution\":\"/Users/kartikgupta/Downloads/CodersGala-master/functions/node_modules/firebase-admin/lib/index.js\"}}"}}
[info] >  { error: null } {"user":"{ error: null }","metadata":{"emulator":{"name":"functions"},"function":{"name":"ssrapp"},"message":"\u001b[90m> \u001b[39m { error: null }"}}
[info] i  functions: Finished "ssrapp" in ~2s {"metadata":{"emulator":{"name":"functions"},"function":{"name":"ssrapp"},"message":"Finished \"ssrapp\" in ~2s"}}
[debug] [2020-10-18T16:08:22.078Z] [worker-ssrapp-bf2292f9-ffa9-463a-bdb6-8531ef4ea44c]: IDLE {"metadata":{"emulator":{"name":"functions"},"message":"[worker-ssrapp-bf2292f9-ffa9-463a-bdb6-8531ef4ea44c]: IDLE"}}
[debug] [2020-10-18T16:08:22.079Z] [work-queue] {"queueLength":0,"workRunningCount":1}
[debug] [2020-10-18T16:08:22.851Z] [runtime-status] [11837] initializeApp(DEFAULT) {"databaseURL":"https://codersgala.firebaseio.com","storageBucket":"codersgala.appspot.com","projectId":"codersgala"} {"metadata":{"emulator":{"name":"functions"},"function":{"name":"ssrapp"},"message":"[runtime-status] [11837] initializeApp(DEFAULT) {\"databaseURL\":\"https://codersgala.firebaseio.com\",\"storageBucket\":\"codersgala.appspot.com\",\"projectId\":\"codersgala\"}"}}
[info] >  whatever {"user":"whatever","metadata":{"emulator":{"name":"functions"},"function":{"name":"ssrapp"},"message":"\u001b[90m> \u001b[39m whatever"}}
[debug] [2020-10-18T16:08:22.858Z] [runtime-status] [11837] Trigger "ssrapp" has been found, beginning invocation! {"metadata":{"emulator":{"name":"functions"},"function":{"name":"ssrapp"},"message":"[runtime-status] [11837] Trigger \"ssrapp\" has been found, beginning invocation!"}}
[info] i  functions: Beginning execution of "ssrapp" {"metadata":{"emulator":{"name":"functions"},"function":{"name":"ssrapp"},"message":"Beginning execution of \"ssrapp\""}}
[debug] [2020-10-18T16:08:22.858Z] [runtime-status] [11837] triggerDefinition {"httpsTrigger":{},"name":"ssrapp","entryPoint":"ssrapp"} {"metadata":{"emulator":{"name":"functions"},"function":{"name":"ssrapp"},"message":"[runtime-status] [11837] triggerDefinition {\"httpsTrigger\":{},\"name\":\"ssrapp\",\"entryPoint\":\"ssrapp\"}"}}
[debug] [2020-10-18T16:08:22.858Z] [runtime-status] [11837] Running ssrapp in mode HTTPS {"metadata":{"emulator":{"name":"functions"},"function":{"name":"ssrapp"},"message":"[runtime-status] [11837] Running ssrapp in mode HTTPS"}}
[debug] [2020-10-18T16:08:22.861Z] [runtime-status] [11837] Attempting to listen to socketPath: /var/folders/y8/1t094q654sg20v30nwgdf4d00000gn/T/fire_emu_11837.sock {"metadata":{"emulator":{"name":"functions"},"function":{"name":"ssrapp"},"message":"[runtime-status] [11837] Attempting to listen to socketPath: /var/folders/y8/1t094q654sg20v30nwgdf4d00000gn/T/fire_emu_11837.sock"}}
[debug] [2020-10-18T16:08:22.865Z] [functions] Runtime ready! Sending request! {"metadata":{"emulator":{"name":"functions"},"message":"[functions] Runtime ready! Sending request!"}}
[debug] [2020-10-18T16:08:22.875Z] [runtime-status] [11837] Ephemeral server handling GET request {"metadata":{"emulator":{"name":"functions"},"function":{"name":"ssrapp"},"message":"[runtime-status] [11837] Ephemeral server handling GET request"}}
[info] >  working {"user":"working","metadata":{"emulator":{"name":"functions"},"function":{"name":"ssrapp"},"message":"\u001b[90m> \u001b[39m working"}}
[debug] [2020-10-18T16:08:22.985Z] [runtime-status] [11837] Ephemeral server survived. {"metadata":{"emulator":{"name":"functions"},"function":{"name":"ssrapp"},"message":"[runtime-status] [11837] Ephemeral server survived."}}
[info] >  { error: null } {"user":"{ error: null }","metadata":{"emulator":{"name":"functions"},"function":{"name":"ssrapp"},"message":"\u001b[90m> \u001b[39m { error: null }"}}
[info] >  Warning: componentWillMount has been renamed, and is not recommended for use. See https://fb.me/react-unsafe-component-lifecycles for details. {"user":"Warning: componentWillMount has been renamed, and is not recommended for use. See https://fb.me/react-unsafe-component-lifecycles for details.","metadata":{"emulator":{"name":"functions"},"function":{"name":"ssrapp"},"message":"\u001b[90m> \u001b[39m Warning: componentWillMount has been renamed, and is not recommended for use. See https://fb.me/react-unsafe-component-lifecycles for details."}}
[info] >   {"user":"","metadata":{"emulator":{"name":"functions"},"function":{"name":"ssrapp"},"message":"\u001b[90m> \u001b[39m "}}
[info] >  * Move code from componentWillMount to componentDidMount (preferred in most cases) or the constructor. {"user":"* Move code from componentWillMount to componentDidMount (preferred in most cases) or the constructor.","metadata":{"emulator":{"name":"functions"},"function":{"name":"ssrapp"},"message":"\u001b[90m> \u001b[39m * Move code from componentWillMount to componentDidMount (preferred in most cases) or the constructor."}}
[info] >   {"user":"","metadata":{"emulator":{"name":"functions"},"function":{"name":"ssrapp"},"message":"\u001b[90m> \u001b[39m "}}
[info] >  Please update the following components: LoadableComponent {"user":"Please update the following components: LoadableComponent","metadata":{"emulator":{"name":"functions"},"function":{"name":"ssrapp"},"message":"\u001b[90m> \u001b[39m Please update the following components: LoadableComponent"}}
[info] >      in LoadableComponent {"user":"    in LoadableComponent","metadata":{"emulator":{"name":"functions"},"function":{"name":"ssrapp"},"message":"\u001b[90m> \u001b[39m     in LoadableComponent"}}
[info] >      in Context.Provider {"user":"    in Context.Provider","metadata":{"emulator":{"name":"functions"},"function":{"name":"ssrapp"},"message":"\u001b[90m> \u001b[39m     in Context.Provider"}}
[info] >      in Context.Consumer {"user":"    in Context.Consumer","metadata":{"emulator":{"name":"functions"},"function":{"name":"ssrapp"},"message":"\u001b[90m> \u001b[39m     in Context.Consumer"}}
[info] >      in Route {"user":"    in Route","metadata":{"emulator":{"name":"functions"},"function":{"name":"ssrapp"},"message":"\u001b[90m> \u001b[39m     in Route"}}
[info] >      in Context.Consumer {"user":"    in Context.Consumer","metadata":{"emulator":{"name":"functions"},"function":{"name":"ssrapp"},"message":"\u001b[90m> \u001b[39m     in Context.Consumer"}}
[info] >      in Switch {"user":"    in Switch","metadata":{"emulator":{"name":"functions"},"function":{"name":"ssrapp"},"message":"\u001b[90m> \u001b[39m     in Switch"}}
[info] >      in Context.Provider {"user":"    in Context.Provider","metadata":{"emulator":{"name":"functions"},"function":{"name":"ssrapp"},"message":"\u001b[90m> \u001b[39m     in Context.Provider"}}
[info] >      in PresenceChild {"user":"    in PresenceChild","metadata":{"emulator":{"name":"functions"},"function":{"name":"ssrapp"},"message":"\u001b[90m> \u001b[39m     in PresenceChild"}}
[info] >      in Fragment {"user":"    in Fragment","metadata":{"emulator":{"name":"functions"},"function":{"name":"ssrapp"},"message":"\u001b[90m> \u001b[39m     in Fragment"}}
[info] >      in AnimatePresence {"user":"    in AnimatePresence","metadata":{"emulator":{"name":"functions"},"function":{"name":"ssrapp"},"message":"\u001b[90m> \u001b[39m     in AnimatePresence"}}
[info] >      in div {"user":"    in div","metadata":{"emulator":{"name":"functions"},"function":{"name":"ssrapp"},"message":"\u001b[90m> \u001b[39m     in div"}}
[info] >      in App {"user":"    in App","metadata":{"emulator":{"name":"functions"},"function":{"name":"ssrapp"},"message":"\u001b[90m> \u001b[39m     in App"}}
[info] >      in Context.Provider {"user":"    in Context.Provider","metadata":{"emulator":{"name":"functions"},"function":{"name":"ssrapp"},"message":"\u001b[90m> \u001b[39m     in Context.Provider"}}
[info] >      in Context.Provider {"user":"    in Context.Provider","metadata":{"emulator":{"name":"functions"},"function":{"name":"ssrapp"},"message":"\u001b[90m> \u001b[39m     in Context.Provider"}}
[info] >      in Router {"user":"    in Router","metadata":{"emulator":{"name":"functions"},"function":{"name":"ssrapp"},"message":"\u001b[90m> \u001b[39m     in Router"}}
[info] >      in StaticRouter {"user":"    in StaticRouter","metadata":{"emulator":{"name":"functions"},"function":{"name":"ssrapp"},"message":"\u001b[90m> \u001b[39m     in StaticRouter"}}
[info] >      in Context.Provider {"user":"    in Context.Provider","metadata":{"emulator":{"name":"functions"},"function":{"name":"ssrapp"},"message":"\u001b[90m> \u001b[39m     in Context.Provider"}}
[info] >      in ModeContextProvider {"user":"    in ModeContextProvider","metadata":{"emulator":{"name":"functions"},"function":{"name":"ssrapp"},"message":"\u001b[90m> \u001b[39m     in ModeContextProvider"}}
[info] >      in Context.Provider {"user":"    in Context.Provider","metadata":{"emulator":{"name":"functions"},"function":{"name":"ssrapp"},"message":"\u001b[90m> \u001b[39m     in Context.Provider"}}
[info] >      in HomeContextProvider {"user":"    in HomeContextProvider","metadata":{"emulator":{"name":"functions"},"function":{"name":"ssrapp"},"message":"\u001b[90m> \u001b[39m     in HomeContextProvider"}}
[info] >      in Context.Provider {"user":"    in Context.Provider","metadata":{"emulator":{"name":"functions"},"function":{"name":"ssrapp"},"message":"\u001b[90m> \u001b[39m     in Context.Provider"}}
[info] >      in ArticlesContextProvider {"user":"    in ArticlesContextProvider","metadata":{"emulator":{"name":"functions"},"function":{"name":"ssrapp"},"message":"\u001b[90m> \u001b[39m     in ArticlesContextProvider"}}
[info] >      in Context.Provider {"user":"    in Context.Provider","metadata":{"emulator":{"name":"functions"},"function":{"name":"ssrapp"},"message":"\u001b[90m> \u001b[39m     in Context.Provider"}}
[info] >      in TopicsContextProvider {"user":"    in TopicsContextProvider","metadata":{"emulator":{"name":"functions"},"function":{"name":"ssrapp"},"message":"\u001b[90m> \u001b[39m     in TopicsContextProvider"}}
[info] >      in Context.Provider {"user":"    in Context.Provider","metadata":{"emulator":{"name":"functions"},"function":{"name":"ssrapp"},"message":"\u001b[90m> \u001b[39m     in Context.Provider"}}
[info] >      in SpecialityContextProvider {"user":"    in SpecialityContextProvider","metadata":{"emulator":{"name":"functions"},"function":{"name":"ssrapp"},"message":"\u001b[90m> \u001b[39m     in SpecialityContextProvider"}}
[info] >      in Context.Provider {"user":"    in Context.Provider","metadata":{"emulator":{"name":"functions"},"function":{"name":"ssrapp"},"message":"\u001b[90m> \u001b[39m     in Context.Provider"}}
[info] >      in AuthContextProvider {"user":"    in AuthContextProvider","metadata":{"emulator":{"name":"functions"},"function":{"name":"ssrapp"},"message":"\u001b[90m> \u001b[39m     in AuthContextProvider"}}
[info] >  Warning: setState(...): Can only update a mounting component. This usually means you called setState() outside componentWillMount() on the server. This is a no-op. {"user":"Warning: setState(...): Can only update a mounting component. This usually means you called setState() outside componentWillMount() on the server. This is a no-op.","metadata":{"emulator":{"name":"functions"},"function":{"name":"ssrapp"},"message":"\u001b[90m> \u001b[39m Warning: setState(...): Can only update a mounting component. This usually means you called setState() outside componentWillMount() on the server. This is a no-op."}}
[info] >   {"user":"","metadata":{"emulator":{"name":"functions"},"function":{"name":"ssrapp"},"message":"\u001b[90m> \u001b[39m "}}
[info] >  Please check the code for the LoadableComponent component. {"user":"Please check the code for the LoadableComponent component.","metadata":{"emulator":{"name":"functions"},"function":{"name":"ssrapp"},"message":"\u001b[90m> \u001b[39m Please check the code for the LoadableComponent component."}}
[info] i  hosting: 127.0.0.1 - - [18/Oct/2020:16:08:25 +0000] "GET /learn/WebDevelopment HTTP/1.1" 200 330633 "http://localhost:5000/learn" "Mozilla/5.0 (Macintosh; Intel Mac OS X 10_15_7) AppleWebKit/537.36 (KHTML, like Gecko) Chrome/86.0.4240.80 Safari/537.36" {"metadata":{"emulator":{"name":"hosting"},"message":"127.0.0.1 - - [18/Oct/2020:16:08:25 +0000] \"GET /learn/WebDevelopment HTTP/1.1\" 200 330633 \"http://localhost:5000/learn\" \"Mozilla/5.0 (Macintosh; Intel Mac OS X 10_15_7) AppleWebKit/537.36 (KHTML, like Gecko) Chrome/86.0.4240.80 Safari/537.36\""}}
[info] i  functions: Finished "ssrapp" in ~2s {"metadata":{"emulator":{"name":"functions"},"function":{"name":"ssrapp"},"message":"Finished \"ssrapp\" in ~2s"}}
[debug] [2020-10-18T16:08:25.446Z] [worker-ssrapp-9dce1bdc-a685-441c-a1f5-d705b675403b]: IDLE {"metadata":{"emulator":{"name":"functions"},"message":"[worker-ssrapp-9dce1bdc-a685-441c-a1f5-d705b675403b]: IDLE"}}
[debug] [2020-10-18T16:08:25.447Z] [work-queue] {"queueLength":0,"workRunningCount":0}
[info] i  hosting: 127.0.0.1 - - [18/Oct/2020:16:08:25 +0000] "GET /static/css/main.65cc138c.chunk.css HTTP/1.1" 200 62703 "http://localhost:5000/learn/WebDevelopment" "Mozilla/5.0 (Macintosh; Intel Mac OS X 10_15_7) AppleWebKit/537.36 (KHTML, like Gecko) Chrome/86.0.4240.80 Safari/537.36" {"metadata":{"emulator":{"name":"hosting"},"message":"127.0.0.1 - - [18/Oct/2020:16:08:25 +0000] \"GET /static/css/main.65cc138c.chunk.css HTTP/1.1\" 200 62703 \"http://localhost:5000/learn/WebDevelopment\" \"Mozilla/5.0 (Macintosh; Intel Mac OS X 10_15_7) AppleWebKit/537.36 (KHTML, like Gecko) Chrome/86.0.4240.80 Safari/537.36\""}}
[info] i  hosting: 127.0.0.1 - - [18/Oct/2020:16:08:25 +0000] "GET /static/css/3.3e5395ac.chunk.css HTTP/1.1" 200 168622 "http://localhost:5000/learn/WebDevelopment" "Mozilla/5.0 (Macintosh; Intel Mac OS X 10_15_7) AppleWebKit/537.36 (KHTML, like Gecko) Chrome/86.0.4240.80 Safari/537.36" {"metadata":{"emulator":{"name":"hosting"},"message":"127.0.0.1 - - [18/Oct/2020:16:08:25 +0000] \"GET /static/css/3.3e5395ac.chunk.css HTTP/1.1\" 200 168622 \"http://localhost:5000/learn/WebDevelopment\" \"Mozilla/5.0 (Macintosh; Intel Mac OS X 10_15_7) AppleWebKit/537.36 (KHTML, like Gecko) Chrome/86.0.4240.80 Safari/537.36\""}}
[info] i  hosting: 127.0.0.1 - - [18/Oct/2020:16:08:25 +0000] "GET /static/js/main.25eceb3b.chunk.js HTTP/1.1" 200 33386 "http://localhost:5000/learn/WebDevelopment" "Mozilla/5.0 (Macintosh; Intel Mac OS X 10_15_7) AppleWebKit/537.36 (KHTML, like Gecko) Chrome/86.0.4240.80 Safari/537.36" {"metadata":{"emulator":{"name":"hosting"},"message":"127.0.0.1 - - [18/Oct/2020:16:08:25 +0000] \"GET /static/js/main.25eceb3b.chunk.js HTTP/1.1\" 200 33386 \"http://localhost:5000/learn/WebDevelopment\" \"Mozilla/5.0 (Macintosh; Intel Mac OS X 10_15_7) AppleWebKit/537.36 (KHTML, like Gecko) Chrome/86.0.4240.80 Safari/537.36\""}}
[info] i  hosting: 127.0.0.1 - - [18/Oct/2020:16:08:25 +0000] "GET /static/css/3.3e5395ac.chunk.css.map HTTP/1.1" 200 518785 "-" "Mozilla/5.0 (Macintosh; Intel Mac OS X 10_15_7) AppleWebKit/537.36 (KHTML, like Gecko) Chrome/86.0.4240.80 Safari/537.36" {"metadata":{"emulator":{"name":"hosting"},"message":"127.0.0.1 - - [18/Oct/2020:16:08:25 +0000] \"GET /static/css/3.3e5395ac.chunk.css.map HTTP/1.1\" 200 518785 \"-\" \"Mozilla/5.0 (Macintosh; Intel Mac OS X 10_15_7) AppleWebKit/537.36 (KHTML, like Gecko) Chrome/86.0.4240.80 Safari/537.36\""}}
[info] i  hosting: 127.0.0.1 - - [18/Oct/2020:16:08:25 +0000] "GET /static/css/main.65cc138c.chunk.css.map HTTP/1.1" 200 260437 "-" "Mozilla/5.0 (Macintosh; Intel Mac OS X 10_15_7) AppleWebKit/537.36 (KHTML, like Gecko) Chrome/86.0.4240.80 Safari/537.36" {"metadata":{"emulator":{"name":"hosting"},"message":"127.0.0.1 - - [18/Oct/2020:16:08:25 +0000] \"GET /static/css/main.65cc138c.chunk.css.map HTTP/1.1\" 200 260437 \"-\" \"Mozilla/5.0 (Macintosh; Intel Mac OS X 10_15_7) AppleWebKit/537.36 (KHTML, like Gecko) Chrome/86.0.4240.80 Safari/537.36\""}}
[info] i  hosting: 127.0.0.1 - - [18/Oct/2020:16:08:25 +0000] "GET /static/js/3.a0657029.chunk.js HTTP/1.1" 200 1302130 "http://localhost:5000/learn/WebDevelopment" "Mozilla/5.0 (Macintosh; Intel Mac OS X 10_15_7) AppleWebKit/537.36 (KHTML, like Gecko) Chrome/86.0.4240.80 Safari/537.36" {"metadata":{"emulator":{"name":"hosting"},"message":"127.0.0.1 - - [18/Oct/2020:16:08:25 +0000] \"GET /static/js/3.a0657029.chunk.js HTTP/1.1\" 200 1302130 \"http://localhost:5000/learn/WebDevelopment\" \"Mozilla/5.0 (Macintosh; Intel Mac OS X 10_15_7) AppleWebKit/537.36 (KHTML, like Gecko) Chrome/86.0.4240.80 Safari/537.36\""}}
[info] i  hosting: 127.0.0.1 - - [18/Oct/2020:16:08:25 +0000] "GET /static/js/4.944aacc1.chunk.js HTTP/1.1" 200 33154 "http://localhost:5000/learn/WebDevelopment" "Mozilla/5.0 (Macintosh; Intel Mac OS X 10_15_7) AppleWebKit/537.36 (KHTML, like Gecko) Chrome/86.0.4240.80 Safari/537.36" {"metadata":{"emulator":{"name":"hosting"},"message":"127.0.0.1 - - [18/Oct/2020:16:08:25 +0000] \"GET /static/js/4.944aacc1.chunk.js HTTP/1.1\" 200 33154 \"http://localhost:5000/learn/WebDevelopment\" \"Mozilla/5.0 (Macintosh; Intel Mac OS X 10_15_7) AppleWebKit/537.36 (KHTML, like Gecko) Chrome/86.0.4240.80 Safari/537.36\""}}
[info] i  hosting: 127.0.0.1 - - [18/Oct/2020:16:08:25 +0000] "GET /static/js/12.6ddb934d.chunk.js HTTP/1.1" 200 22741 "http://localhost:5000/learn/WebDevelopment" "Mozilla/5.0 (Macintosh; Intel Mac OS X 10_15_7) AppleWebKit/537.36 (KHTML, like Gecko) Chrome/86.0.4240.80 Safari/537.36" {"metadata":{"emulator":{"name":"hosting"},"message":"127.0.0.1 - - [18/Oct/2020:16:08:25 +0000] \"GET /static/js/12.6ddb934d.chunk.js HTTP/1.1\" 200 22741 \"http://localhost:5000/learn/WebDevelopment\" \"Mozilla/5.0 (Macintosh; Intel Mac OS X 10_15_7) AppleWebKit/537.36 (KHTML, like Gecko) Chrome/86.0.4240.80 Safari/537.36\""}}
[info] i  hosting: 127.0.0.1 - - [18/Oct/2020:16:08:25 +0000] "GET /static/js/main.25eceb3b.chunk.js.map HTTP/1.1" 200 81699 "-" "Mozilla/5.0 (Macintosh; Intel Mac OS X 10_15_7) AppleWebKit/537.36 (KHTML, like Gecko) Chrome/86.0.4240.80 Safari/537.36" {"metadata":{"emulator":{"name":"hosting"},"message":"127.0.0.1 - - [18/Oct/2020:16:08:25 +0000] \"GET /static/js/main.25eceb3b.chunk.js.map HTTP/1.1\" 200 81699 \"-\" \"Mozilla/5.0 (Macintosh; Intel Mac OS X 10_15_7) AppleWebKit/537.36 (KHTML, like Gecko) Chrome/86.0.4240.80 Safari/537.36\""}}
[info] i  hosting: 127.0.0.1 - - [18/Oct/2020:16:08:26 +0000] "GET /static/js/3.a0657029.chunk.js.map HTTP/1.1" 200 5844581 "-" "Mozilla/5.0 (Macintosh; Intel Mac OS X 10_15_7) AppleWebKit/537.36 (KHTML, like Gecko) Chrome/86.0.4240.80 Safari/537.36" {"metadata":{"emulator":{"name":"hosting"},"message":"127.0.0.1 - - [18/Oct/2020:16:08:26 +0000] \"GET /static/js/3.a0657029.chunk.js.map HTTP/1.1\" 200 5844581 \"-\" \"Mozilla/5.0 (Macintosh; Intel Mac OS X 10_15_7) AppleWebKit/537.36 (KHTML, like Gecko) Chrome/86.0.4240.80 Safari/537.36\""}}
[info] i  hosting: 127.0.0.1 - - [18/Oct/2020:16:08:26 +0000] "GET /static/js/12.6ddb934d.chunk.js.map HTTP/1.1" 200 59683 "-" "Mozilla/5.0 (Macintosh; Intel Mac OS X 10_15_7) AppleWebKit/537.36 (KHTML, like Gecko) Chrome/86.0.4240.80 Safari/537.36" {"metadata":{"emulator":{"name":"hosting"},"message":"127.0.0.1 - - [18/Oct/2020:16:08:26 +0000] \"GET /static/js/12.6ddb934d.chunk.js.map HTTP/1.1\" 200 59683 \"-\" \"Mozilla/5.0 (Macintosh; Intel Mac OS X 10_15_7) AppleWebKit/537.36 (KHTML, like Gecko) Chrome/86.0.4240.80 Safari/537.36\""}}
[info] i  hosting: 127.0.0.1 - - [18/Oct/2020:16:08:26 +0000] "GET /static/js/4.944aacc1.chunk.js.map HTTP/1.1" 200 156269 "-" "Mozilla/5.0 (Macintosh; Intel Mac OS X 10_15_7) AppleWebKit/537.36 (KHTML, like Gecko) Chrome/86.0.4240.80 Safari/537.36" {"metadata":{"emulator":{"name":"hosting"},"message":"127.0.0.1 - - [18/Oct/2020:16:08:26 +0000] \"GET /static/js/4.944aacc1.chunk.js.map HTTP/1.1\" 200 156269 \"-\" \"Mozilla/5.0 (Macintosh; Intel Mac OS X 10_15_7) AppleWebKit/537.36 (KHTML, like Gecko) Chrome/86.0.4240.80 Safari/537.36\""}}
[info] i  hosting: 127.0.0.1 - - [18/Oct/2020:16:08:48 +0000] "GET /static/js/10.bf8b2205.chunk.js HTTP/1.1" 200 7503 "http://localhost:5000/article/update/I6HPWNvC4YBeY1xyUTqh/tEBmqLSfY5GJYs3ZR9JA/GLEA6h7nehHitMB7KDrG" "Mozilla/5.0 (Macintosh; Intel Mac OS X 10_15_7) AppleWebKit/537.36 (KHTML, like Gecko) Chrome/86.0.4240.80 Safari/537.36" {"metadata":{"emulator":{"name":"hosting"},"message":"127.0.0.1 - - [18/Oct/2020:16:08:48 +0000] \"GET /static/js/10.bf8b2205.chunk.js HTTP/1.1\" 200 7503 \"http://localhost:5000/article/update/I6HPWNvC4YBeY1xyUTqh/tEBmqLSfY5GJYs3ZR9JA/GLEA6h7nehHitMB7KDrG\" \"Mozilla/5.0 (Macintosh; Intel Mac OS X 10_15_7) AppleWebKit/537.36 (KHTML, like Gecko) Chrome/86.0.4240.80 Safari/537.36\""}}
[info] i  hosting: 127.0.0.1 - - [18/Oct/2020:16:08:48 +0000] "GET /static/js/10.bf8b2205.chunk.js.map HTTP/1.1" 200 14582 "-" "Mozilla/5.0 (Macintosh; Intel Mac OS X 10_15_7) AppleWebKit/537.36 (KHTML, like Gecko) Chrome/86.0.4240.80 Safari/537.36" {"metadata":{"emulator":{"name":"hosting"},"message":"127.0.0.1 - - [18/Oct/2020:16:08:48 +0000] \"GET /static/js/10.bf8b2205.chunk.js.map HTTP/1.1\" 200 14582 \"-\" \"Mozilla/5.0 (Macintosh; Intel Mac OS X 10_15_7) AppleWebKit/537.36 (KHTML, like Gecko) Chrome/86.0.4240.80 Safari/537.36\""}}
[info] i  hosting: 127.0.0.1 - - [18/Oct/2020:16:08:49 +0000] "GET /static/js/0.fe2a124b.chunk.js HTTP/1.1" 200 1215107 "http://localhost:5000/article/update/I6HPWNvC4YBeY1xyUTqh/tEBmqLSfY5GJYs3ZR9JA/GLEA6h7nehHitMB7KDrG" "Mozilla/5.0 (Macintosh; Intel Mac OS X 10_15_7) AppleWebKit/537.36 (KHTML, like Gecko) Chrome/86.0.4240.80 Safari/537.36" {"metadata":{"emulator":{"name":"hosting"},"message":"127.0.0.1 - - [18/Oct/2020:16:08:49 +0000] \"GET /static/js/0.fe2a124b.chunk.js HTTP/1.1\" 200 1215107 \"http://localhost:5000/article/update/I6HPWNvC4YBeY1xyUTqh/tEBmqLSfY5GJYs3ZR9JA/GLEA6h7nehHitMB7KDrG\" \"Mozilla/5.0 (Macintosh; Intel Mac OS X 10_15_7) AppleWebKit/537.36 (KHTML, like Gecko) Chrome/86.0.4240.80 Safari/537.36\""}}
[info] i  hosting: 127.0.0.1 - - [18/Oct/2020:16:08:49 +0000] "GET /static/js/0.fe2a124b.chunk.js.map HTTP/1.1" 200 2499730 "-" "Mozilla/5.0 (Macintosh; Intel Mac OS X 10_15_7) AppleWebKit/537.36 (KHTML, like Gecko) Chrome/86.0.4240.80 Safari/537.36" {"metadata":{"emulator":{"name":"hosting"},"message":"127.0.0.1 - - [18/Oct/2020:16:08:49 +0000] \"GET /static/js/0.fe2a124b.chunk.js.map HTTP/1.1\" 200 2499730 \"-\" \"Mozilla/5.0 (Macintosh; Intel Mac OS X 10_15_7) AppleWebKit/537.36 (KHTML, like Gecko) Chrome/86.0.4240.80 Safari/537.36\""}}
[info] [hosting] Rewriting /learn/WebDevelopment to http://localhost:5001/codersgala/us-central1/ssrapp for local Function ssrapp
[debug] [2020-10-18T16:08:56.582Z] [work-queue] {"queueLength":1,"workRunningCount":0}
[debug] [2020-10-18T16:08:56.582Z] [work-queue] {"queueLength":0,"workRunningCount":1}
[debug] [2020-10-18T16:08:56.582Z] Accepted request GET /codersgala/us-central1/ssrapp/learn/WebDevelopment --> ssrapp
[debug] [2020-10-18T16:08:56.583Z] [worker-pool] submitWork(triggerId=ssrapp) {"metadata":{"emulator":{"name":"functions"},"message":"[worker-pool] submitWork(triggerId=ssrapp)"}}
[debug] [2020-10-18T16:08:56.583Z] [worker-ssrapp-bf2292f9-ffa9-463a-bdb6-8531ef4ea44c]: Assigning socketPath: /var/folders/y8/1t094q654sg20v30nwgdf4d00000gn/T/fire_emu_11422.sock {"metadata":{"emulator":{"name":"functions"},"message":"[worker-ssrapp-bf2292f9-ffa9-463a-bdb6-8531ef4ea44c]: Assigning socketPath: /var/folders/y8/1t094q654sg20v30nwgdf4d00000gn/T/fire_emu_11422.sock"}}
[debug] [2020-10-18T16:08:56.583Z] [worker-ssrapp-bf2292f9-ffa9-463a-bdb6-8531ef4ea44c]: BUSY {"metadata":{"emulator":{"name":"functions"},"message":"[worker-ssrapp-bf2292f9-ffa9-463a-bdb6-8531ef4ea44c]: BUSY"}}
[debug] [2020-10-18T16:08:56.584Z] [runtime-status] [11422] Trigger "ssrapp" has been found, beginning invocation! {"metadata":{"emulator":{"name":"functions"},"function":{"name":"ssrapp"},"message":"[runtime-status] [11422] Trigger \"ssrapp\" has been found, beginning invocation!"}}
[info] i  functions: Beginning execution of "ssrapp" {"metadata":{"emulator":{"name":"functions"},"function":{"name":"ssrapp"},"message":"Beginning execution of \"ssrapp\""}}
[debug] [2020-10-18T16:08:56.584Z] [runtime-status] [11422] triggerDefinition {"httpsTrigger":{},"name":"ssrapp","entryPoint":"ssrapp"} {"metadata":{"emulator":{"name":"functions"},"function":{"name":"ssrapp"},"message":"[runtime-status] [11422] triggerDefinition {\"httpsTrigger\":{},\"name\":\"ssrapp\",\"entryPoint\":\"ssrapp\"}"}}
[debug] [2020-10-18T16:08:56.584Z] [runtime-status] [11422] Running ssrapp in mode HTTPS {"metadata":{"emulator":{"name":"functions"},"function":{"name":"ssrapp"},"message":"[runtime-status] [11422] Running ssrapp in mode HTTPS"}}
[debug] [2020-10-18T16:08:56.585Z] [runtime-status] [11422] Attempting to listen to socketPath: /var/folders/y8/1t094q654sg20v30nwgdf4d00000gn/T/fire_emu_11422.sock {"metadata":{"emulator":{"name":"functions"},"function":{"name":"ssrapp"},"message":"[runtime-status] [11422] Attempting to listen to socketPath: /var/folders/y8/1t094q654sg20v30nwgdf4d00000gn/T/fire_emu_11422.sock"}}
[debug] [2020-10-18T16:08:56.587Z] [functions] Runtime ready! Sending request! {"metadata":{"emulator":{"name":"functions"},"message":"[functions] Runtime ready! Sending request!"}}
[debug] [2020-10-18T16:08:56.589Z] [runtime-status] [11422] Ephemeral server handling GET request {"metadata":{"emulator":{"name":"functions"},"function":{"name":"ssrapp"},"message":"[runtime-status] [11422] Ephemeral server handling GET request"}}
[info] >  working {"user":"working","metadata":{"emulator":{"name":"functions"},"function":{"name":"ssrapp"},"message":"\u001b[90m> \u001b[39m working"}}
[debug] [2020-10-18T16:08:56.590Z] [runtime-status] [11422] Ephemeral server survived. {"metadata":{"emulator":{"name":"functions"},"function":{"name":"ssrapp"},"message":"[runtime-status] [11422] Ephemeral server survived."}}
[info] >  { error: null } {"user":"{ error: null }","metadata":{"emulator":{"name":"functions"},"function":{"name":"ssrapp"},"message":"\u001b[90m> \u001b[39m { error: null }"}}
[info] i  hosting: 127.0.0.1 - - [18/Oct/2020:16:08:57 +0000] "GET /learn/WebDevelopment HTTP/1.1" 200 331948 "http://localhost:5000/learn" "Mozilla/5.0 (Macintosh; Intel Mac OS X 10_15_7) AppleWebKit/537.36 (KHTML, like Gecko) Chrome/86.0.4240.80 Safari/537.36" {"metadata":{"emulator":{"name":"hosting"},"message":"127.0.0.1 - - [18/Oct/2020:16:08:57 +0000] \"GET /learn/WebDevelopment HTTP/1.1\" 200 331948 \"http://localhost:5000/learn\" \"Mozilla/5.0 (Macintosh; Intel Mac OS X 10_15_7) AppleWebKit/537.36 (KHTML, like Gecko) Chrome/86.0.4240.80 Safari/537.36\""}}
[info] i  functions: Finished "ssrapp" in ~1s {"metadata":{"emulator":{"name":"functions"},"function":{"name":"ssrapp"},"message":"Finished \"ssrapp\" in ~1s"}}
[debug] [2020-10-18T16:08:57.885Z] [worker-ssrapp-bf2292f9-ffa9-463a-bdb6-8531ef4ea44c]: IDLE {"metadata":{"emulator":{"name":"functions"},"message":"[worker-ssrapp-bf2292f9-ffa9-463a-bdb6-8531ef4ea44c]: IDLE"}}
[debug] [2020-10-18T16:08:57.885Z] [work-queue] {"queueLength":0,"workRunningCount":0}
[info] i  hosting: 127.0.0.1 - - [18/Oct/2020:16:08:58 +0000] "GET /favicon.ico HTTP/1.1" 200 15406 "http://localhost:5000/learn/WebDevelopment" "Mozilla/5.0 (Macintosh; Intel Mac OS X 10_15_7) AppleWebKit/537.36 (KHTML, like Gecko) Chrome/86.0.4240.80 Safari/537.36" {"metadata":{"emulator":{"name":"hosting"},"message":"127.0.0.1 - - [18/Oct/2020:16:08:58 +0000] \"GET /favicon.ico HTTP/1.1\" 200 15406 \"http://localhost:5000/learn/WebDevelopment\" \"Mozilla/5.0 (Macintosh; Intel Mac OS X 10_15_7) AppleWebKit/537.36 (KHTML, like Gecko) Chrome/86.0.4240.80 Safari/537.36\""}}
[info] i  hosting: 127.0.0.1 - - [18/Oct/2020:16:29:09 +0000] "GET /static/js/13.126327a3.chunk.js HTTP/1.1" 200 5917 "http://localhost:5000/about" "Mozilla/5.0 (Macintosh; Intel Mac OS X 10_15_7) AppleWebKit/537.36 (KHTML, like Gecko) Chrome/86.0.4240.80 Safari/537.36" {"metadata":{"emulator":{"name":"hosting"},"message":"127.0.0.1 - - [18/Oct/2020:16:29:09 +0000] \"GET /static/js/13.126327a3.chunk.js HTTP/1.1\" 200 5917 \"http://localhost:5000/about\" \"Mozilla/5.0 (Macintosh; Intel Mac OS X 10_15_7) AppleWebKit/537.36 (KHTML, like Gecko) Chrome/86.0.4240.80 Safari/537.36\""}}
[info] i  hosting: 127.0.0.1 - - [18/Oct/2020:16:29:09 +0000] "GET /static/js/13.126327a3.chunk.js.map HTTP/1.1" 200 10207 "-" "Mozilla/5.0 (Macintosh; Intel Mac OS X 10_15_7) AppleWebKit/537.36 (KHTML, like Gecko) Chrome/86.0.4240.80 Safari/537.36" {"metadata":{"emulator":{"name":"hosting"},"message":"127.0.0.1 - - [18/Oct/2020:16:29:09 +0000] \"GET /static/js/13.126327a3.chunk.js.map HTTP/1.1\" 200 10207 \"-\" \"Mozilla/5.0 (Macintosh; Intel Mac OS X 10_15_7) AppleWebKit/537.36 (KHTML, like Gecko) Chrome/86.0.4240.80 Safari/537.36\""}}
[info] i  hosting: 127.0.0.1 - - [18/Oct/2020:16:29:18 +0000] "GET /static/js/9.a3b14afe.chunk.js HTTP/1.1" 200 4797 "http://localhost:5000/learn" "Mozilla/5.0 (Macintosh; Intel Mac OS X 10_15_7) AppleWebKit/537.36 (KHTML, like Gecko) Chrome/86.0.4240.80 Safari/537.36" {"metadata":{"emulator":{"name":"hosting"},"message":"127.0.0.1 - - [18/Oct/2020:16:29:18 +0000] \"GET /static/js/9.a3b14afe.chunk.js HTTP/1.1\" 200 4797 \"http://localhost:5000/learn\" \"Mozilla/5.0 (Macintosh; Intel Mac OS X 10_15_7) AppleWebKit/537.36 (KHTML, like Gecko) Chrome/86.0.4240.80 Safari/537.36\""}}
[info] i  hosting: 127.0.0.1 - - [18/Oct/2020:16:29:18 +0000] "GET /static/js/9.a3b14afe.chunk.js.map HTTP/1.1" 200 12346 "-" "Mozilla/5.0 (Macintosh; Intel Mac OS X 10_15_7) AppleWebKit/537.36 (KHTML, like Gecko) Chrome/86.0.4240.80 Safari/537.36" {"metadata":{"emulator":{"name":"hosting"},"message":"127.0.0.1 - - [18/Oct/2020:16:29:18 +0000] \"GET /static/js/9.a3b14afe.chunk.js.map HTTP/1.1\" 200 12346 \"-\" \"Mozilla/5.0 (Macintosh; Intel Mac OS X 10_15_7) AppleWebKit/537.36 (KHTML, like Gecko) Chrome/86.0.4240.80 Safari/537.36\""}}
